Log file open, 11/01/23 10:07:31
LogWindows: Failed to load 'aqProf.dll' (GetLastError=126)
LogWindows: File 'aqProf.dll' does not exist
LogWindows: Failed to load 'VtuneApi.dll' (GetLastError=126)
LogWindows: File 'VtuneApi.dll' does not exist
LogWindows: Failed to load 'VtuneApi32e.dll' (GetLastError=126)
LogWindows: File 'VtuneApi32e.dll' does not exist
LogConsoleResponse: Display: Failed to find resolution value strings in scalability ini. Falling back to default.
LogInit: Display: Running engine for game: ActionRPG
LogPakFile: Registered encryption key '00000000000000000000000000000000': 0 pak files mounted, 0 remain pending
LogPlatformFile: Not using cached read wrapper
LogTaskGraph: Started task graph with 5 named threads and 35 total threads with 3 sets of task threads.
LogStats: Stats thread started at 0.547960
LogD3D11RHI: Loaded GFSDK_Aftermath_Lib.x64.dll
LogICUInternationalization: ICU TimeZone Detection - Raw Offset: +9:00, Platform Override: ''
LogPluginManager: Mounting plugin Paper2D
LogPluginManager: Mounting plugin AISupport
LogPluginManager: Mounting plugin ActorLayerUtilities
LogPluginManager: Mounting plugin AnimationSharing
LogPluginManager: Mounting plugin CLionSourceCodeAccess
LogPluginManager: Mounting plugin CodeLiteSourceCodeAccess
LogPluginManager: Mounting plugin GitSourceControl
LogPluginManager: Mounting plugin KDevelopSourceCodeAccess
LogPluginManager: Mounting plugin NullSourceCodeAccess
LogPluginManager: Mounting plugin PerforceSourceControl
LogPluginManager: Mounting plugin SubversionSourceControl
LogPluginManager: Mounting plugin VisualStudioCodeSourceCodeAccess
LogPluginManager: Mounting plugin VisualStudioSourceCodeAccess
LogPluginManager: Mounting plugin XCodeSourceCodeAccess
LogPluginManager: Mounting plugin AssetManagerEditor
LogPluginManager: Mounting plugin DataValidation
LogPluginManager: Mounting plugin GameplayTagsEditor
LogPluginManager: Mounting plugin MacGraphicsSwitching
LogPluginManager: Mounting plugin MaterialAnalyzer
LogPluginManager: Mounting plugin MobileLauncherProfileWizard
LogPluginManager: Mounting plugin PluginBrowser
LogPluginManager: Mounting plugin SpeedTreeImporter
LogPluginManager: Mounting plugin VariantManagerContent
LogPluginManager: Mounting plugin AlembicImporter
LogPluginManager: Mounting plugin AppleImageUtils
LogPluginManager: Mounting plugin AppleVision
LogPluginManager: Mounting plugin BackChannel
LogPluginManager: Mounting plugin GeometryCache
LogPluginManager: Mounting plugin ProxyLODPlugin
LogPluginManager: Mounting plugin SkeletalReduction
LogPluginManager: Mounting plugin AndroidMedia
LogPluginManager: Mounting plugin AvfMedia
LogPluginManager: Mounting plugin ImgMedia
LogPluginManager: Mounting plugin MediaPlayerEditor
LogPluginManager: Mounting plugin WebMMedia
LogPluginManager: Mounting plugin TcpMessaging
LogPluginManager: Mounting plugin UdpMessaging
LogPluginManager: Mounting plugin ActorSequence
LogPluginManager: Mounting plugin LevelSequenceEditor
LogPluginManager: Mounting plugin MatineeToLevelSequence
LogPluginManager: Mounting plugin NetcodeUnitTest
LogPluginManager: Mounting plugin NUTUnrealEngine4
LogPluginManager: Mounting plugin OnlineSubsystemGooglePlay
LogPluginManager: Mounting plugin OnlineSubsystemIOS
LogPluginManager: Mounting plugin OnlineSubsystem
LogPluginManager: Mounting plugin OnlineSubsystemNull
LogPluginManager: Mounting plugin OnlineSubsystemUtils
LogPluginManager: Mounting plugin LauncherChunkInstaller
LogPluginManager: Mounting plugin AndroidDeviceProfileSelector
LogPluginManager: Mounting plugin AndroidMoviePlayer
LogPluginManager: Mounting plugin AndroidPermission
LogPluginManager: Mounting plugin AppleMoviePlayer
LogPluginManager: Mounting plugin EditableMesh
LogPluginManager: Mounting plugin ExampleDeviceProfileSelector
LogPluginManager: Mounting plugin Firebase
LogPluginManager: Mounting plugin GameplayAbilities
LogPluginManager: Mounting plugin GoogleCloudMessaging
LogPluginManager: Mounting plugin IOSDeviceProfileSelector
LogPluginManager: Mounting plugin LinuxDeviceProfileSelector
LogPluginManager: Mounting plugin MobilePatchingUtils
LogPluginManager: Mounting plugin SignificanceManager
LogPluginManager: Mounting plugin WebMMoviePlayer
LogPluginManager: Mounting plugin SlateRemote
LogInit: Using libcurl 7.55.1-DEV
LogInit:  - built for x86_64-pc-win32
LogInit:  - supports SSL with OpenSSL/1.1.1
LogInit:  - supports HTTP deflate (compression) using libz 1.2.8
LogInit:  - other features:
LogInit:      CURL_VERSION_SSL
LogInit:      CURL_VERSION_LIBZ
LogInit:      CURL_VERSION_IPV6
LogInit:      CURL_VERSION_ASYNCHDNS
LogInit:      CURL_VERSION_LARGEFILE
LogInit:      CURL_VERSION_IDN
LogInit:  CurlRequestOptions (configurable via config and command line):
LogInit:  - bVerifyPeer = true  - Libcurl will verify peer certificate
LogInit:  - bUseHttpProxy = false  - Libcurl will NOT use HTTP proxy
LogInit:  - bDontReuseConnections = false  - Libcurl will reuse connections
LogInit:  - MaxHostConnections = 16  - Libcurl will limit the number of connections to a host
LogInit:  - LocalHostAddr = Default
LogInit:  - BufferSize = 65536
LogInit: WinSock: version 1.1 (2.2), MaxSocks=32767, MaxUdp=65467
LogInit: Build: ++UE4+Release-4.22-CL-7053642
LogInit: Engine Version: 4.22.3-7053642+++UE4+Release-4.22
LogInit: Compatible Engine Version: 4.22.0-5660361+++UE4+Release-4.22
LogInit: Net CL: 5660361
LogInit: OS: Windows 10 (Release 2009) (), CPU: Intel(R) Core(TM) i7-8700K CPU @ 3.70GHz, GPU: NVIDIA GeForce GTX 1080
LogInit: Compiled (64-bit): Jun 18 2019 03:09:11
LogInit: Compiled with Visual C++: 19.16.27025.01
LogInit: Build Configuration: Development
LogInit: Branch Name: ++UE4+Release-4.22
LogInit: Command Line:  -AUTH_LOGIN=unused -AUTH_PASSWORD=ca7e0d64cc324ab59160c9921c554ad1 -AUTH_TYPE=exchangecode -epicapp=UE_4.22 -epicenv=Prod -EpicPortal -epicusername=h_hoon0928 -epicuserid=bbb7e43817f546c297b0a0bedeb3a91a -epiclocale=ko -epicsandboxid=ue
LogInit: Base Directory: C:/Program Files/Epic Games/UE_4.22/Engine/Binaries/Win64/
LogInit: Installed Engine Build: 1
LogDevObjectVersion: Number of dev versions registered: 23
LogDevObjectVersion:   Dev-Blueprints (B0D832E4-1F89-4F0D-ACCF-7EB736FD4AA2): 10
LogDevObjectVersion:   Dev-Build (E1C64328-A22C-4D53-A36C-8E866417BD8C): 0
LogDevObjectVersion:   Dev-Core (375EC13C-06E4-48FB-B500-84F0262A717E): 3
LogDevObjectVersion:   Dev-Editor (E4B068ED-F494-42E9-A231-DA0B2E46BB41): 30
LogDevObjectVersion:   Dev-Framework (CFFC743F-43B0-4480-9391-14DF171D2073): 35
LogDevObjectVersion:   Dev-Mobile (B02B49B5-BB20-44E9-A304-32B752E40360): 2
LogDevObjectVersion:   Dev-Networking (A4E4105C-59A1-49B5-A7C5-40C4547EDFEE): 0
LogDevObjectVersion:   Dev-Online (39C831C9-5AE6-47DC-9A44-9C173E1C8E7C): 0
LogDevObjectVersion:   Dev-Physics (78F01B33-EBEA-4F98-B9B4-84EACCB95AA2): 0
LogDevObjectVersion:   Dev-Platform (6631380F-2D4D-43E0-8009-CF276956A95A): 0
LogDevObjectVersion:   Dev-Rendering (12F88B9F-8875-4AFC-A67C-D90C383ABD29): 28
LogDevObjectVersion:   Dev-Sequencer (7B5AE74C-D270-4C10-A958-57980B212A5A): 11
LogDevObjectVersion:   Dev-VR (D7296918-1DD6-4BDD-9DE2-64A83CC13884): 2
LogDevObjectVersion:   Dev-LoadTimes (C2A15278-BFE7-4AFE-6C17-90FF531DF755): 1
LogDevObjectVersion:   Private-Geometry (6EACA3D4-40EC-4CC1-B786-8BED09428FC5): 3
LogDevObjectVersion:   Dev-AnimPhys (29E575DD-E0A3-4627-9D10-D276232CDCEA): 17
LogDevObjectVersion:   Dev-Anim (AF43A65D-7FD3-4947-9873-3E8ED9C1BB05): 2
LogDevObjectVersion:   Dev-ReflectionCapture (6B266CEC-1EC7-4B8F-A30B-E4D90942FC07): 1
LogDevObjectVersion:   Dev-Automation (0DF73D61-A23F-47EA-B727-89E90C41499A): 1
LogDevObjectVersion:   FortniteMain (601D1886-AC64-4F84-AA16-D3DE0DEAC7D6): 25
LogDevObjectVersion:   Dev-Enterprise (9DFFBCD6-494F-0158-E221-12823C92A888): 6
LogDevObjectVersion:   Dev-Niagara (F2AED0AC-9AFE-416F-8664-AA7FFA26D6FC): 1
LogDevObjectVersion:   Dev-Destruction (174F1F0B-B4C6-45A5-B13F-2EE8D0FB917D): 2
LogInit: Presizing for max 16777216 objects, including 0 objects not considered by GC, pre-allocating 0 bytes for permanent pool.
LogInit: Object subsystem initialized
LogConfig: Setting CVar [[con.DebugEarlyDefault:1]]
LogConfig: Setting CVar [[r.setres:1280x720]]
[2023.11.01-01.07.32:250][  0]LogConfig: Setting CVar [[r.VSync:0]]
[2023.11.01-01.07.32:251][  0]LogConfig: Setting CVar [[r.RHICmdBypass:0]]
[2023.11.01-01.07.32:251][  0]LogConfig: Applying CVar settings from Section [/Script/Engine.RendererSettings] File [D:/H_Hoon Source Tree/XR_ActionRPG/Step_1_ActionRPG/Saved/Config/Windows/Engine.ini]
[2023.11.01-01.07.32:251][  0]LogConfig: Setting CVar [[r.GPUCrashDebugging:0]]
[2023.11.01-01.07.32:251][  0]LogConfig: Setting CVar [[r.Mobile.TonemapperFilm:1]]
[2023.11.01-01.07.32:251][  0]LogConfig: Setting CVar [[r.MobileHDR:1]]
[2023.11.01-01.07.32:251][  0]LogConfig: Setting CVar [[r.AllowOcclusionQueries:1]]
[2023.11.01-01.07.32:251][  0]LogConfig: Setting CVar [[r.MinScreenRadiusForLights:0.030000]]
[2023.11.01-01.07.32:251][  0]LogConfig: Setting CVar [[r.MinScreenRadiusForDepthPrepass:0.030000]]
[2023.11.01-01.07.32:251][  0]LogConfig: Setting CVar [[r.PrecomputedVisibilityWarning:0]]
[2023.11.01-01.07.32:251][  0]LogConfig: Setting CVar [[r.TextureStreaming:1]]
[2023.11.01-01.07.32:251][  0]LogConfig: Setting CVar [[Compat.UseDXT5NormalMaps:0]]
[2023.11.01-01.07.32:251][  0]LogConfig: Setting CVar [[r.AllowStaticLighting:1]]
[2023.11.01-01.07.32:251][  0]LogConfig: Setting CVar [[r.NormalMapsForStaticLighting:0]]
[2023.11.01-01.07.32:251][  0]LogConfig: Setting CVar [[r.GenerateMeshDistanceFields:0]]
[2023.11.01-01.07.32:251][  0]LogConfig: Setting CVar [[r.TessellationAdaptivePixelsPerTriangle:48.000000]]
[2023.11.01-01.07.32:251][  0]LogConfig: Setting CVar [[r.SeparateTranslucency:0]]
[2023.11.01-01.07.32:251][  0]LogConfig: Setting CVar [[r.TranslucentSortPolicy:0]]
[2023.11.01-01.07.32:251][  0]LogConfig: Setting CVar [[r.CustomDepth:1]]
[2023.11.01-01.07.32:251][  0]LogConfig: Setting CVar [[r.DefaultFeature.Bloom:1]]
[2023.11.01-01.07.32:251][  0]LogConfig: Setting CVar [[r.DefaultFeature.AmbientOcclusion:0]]
[2023.11.01-01.07.32:251][  0]LogConfig: Setting CVar [[r.DefaultFeature.AmbientOcclusionStaticFraction:1]]
[2023.11.01-01.07.32:251][  0]LogConfig: Setting CVar [[r.DefaultFeature.AutoExposure:0]]
[2023.11.01-01.07.32:251][  0]LogConfig: Setting CVar [[r.DefaultFeature.MotionBlur:0]]
[2023.11.01-01.07.32:251][  0]LogConfig: Setting CVar [[r.DefaultFeature.LensFlare:0]]
[2023.11.01-01.07.32:251][  0]LogConfig: Setting CVar [[r.DefaultFeature.AntiAliasing:3]]
[2023.11.01-01.07.32:251][  0]LogConfig: Setting CVar [[r.EarlyZPass:3]]
[2023.11.01-01.07.32:251][  0]LogConfig: Setting CVar [[r.DBuffer:0]]
[2023.11.01-01.07.32:251][  0]LogConfig: Setting CVar [[r.ClearSceneMethod:1]]
[2023.11.01-01.07.32:251][  0]LogConfig: Setting CVar [[r.WireframeCullThreshold:5.000000]]
[2023.11.01-01.07.32:251][  0]LogConfig: Setting CVar [[r.MobileMSAA:2]]
[2023.11.01-01.07.32:251][  0]LogConfig: Setting CVar [[r.ReflectionCaptureResolution:64]]
[2023.11.01-01.07.32:251][  0]LogConfig: Setting CVar [[r.Mobile.DisableVertexFog:0]]
[2023.11.01-01.07.32:251][  0]LogConfig: Setting CVar [[r.ReflectionEnvironmentLightmapMixBasedOnRoughness:1]]
[2023.11.01-01.07.32:251][  0]LogConfig: Setting CVar [[r.Mobile.UseLegacyShadingModel:0]]
[2023.11.01-01.07.32:251][  0]LogConfig: Setting CVar [[r.ShaderPipelineCache.Enabled:1]]
[2023.11.01-01.07.32:251][  0]LogConfig: Setting CVar [[r.AllowVolumeTextureAssetCreation:1]]
[2023.11.01-01.07.32:251][  0]LogConfig: Setting CVar [[r.Mobile.AllowDitheredLODTransition:1]]
[2023.11.01-01.07.32:251][  0]LogConfig: Applying CVar settings from Section [/Script/Engine.RendererOverrideSettings] File [D:/H_Hoon Source Tree/XR_ActionRPG/Step_1_ActionRPG/Saved/Config/Windows/Engine.ini]
[2023.11.01-01.07.32:251][  0]LogConfig: Applying CVar settings from Section [/Script/Engine.StreamingSettings] File [D:/H_Hoon Source Tree/XR_ActionRPG/Step_1_ActionRPG/Saved/Config/Windows/Engine.ini]
[2023.11.01-01.07.32:251][  0]LogConfig: Setting CVar [[s.MinBulkDataSizeForAsyncLoading:131072]]
[2023.11.01-01.07.32:251][  0]LogConfig: Setting CVar [[s.AsyncLoadingThreadEnabled:0]]
[2023.11.01-01.07.32:251][  0]LogConfig: Setting CVar [[s.EventDrivenLoaderEnabled:1]]
[2023.11.01-01.07.32:251][  0]LogConfig: Setting CVar [[s.WarnIfTimeLimitExceeded:0]]
[2023.11.01-01.07.32:251][  0]LogConfig: Setting CVar [[s.TimeLimitExceededMultiplier:1.5]]
[2023.11.01-01.07.32:251][  0]LogConfig: Setting CVar [[s.TimeLimitExceededMinTime:0.005]]
[2023.11.01-01.07.32:251][  0]LogConfig: Setting CVar [[s.UseBackgroundLevelStreaming:1]]
[2023.11.01-01.07.32:251][  0]LogConfig: Setting CVar [[s.PriorityAsyncLoadingExtraTime:15.0]]
[2023.11.01-01.07.32:251][  0]LogConfig: Setting CVar [[s.LevelStreamingActorsUpdateTimeLimit:5.0]]
[2023.11.01-01.07.32:251][  0]LogConfig: Setting CVar [[s.PriorityLevelStreamingActorsUpdateExtraTime:5.0]]
[2023.11.01-01.07.32:251][  0]LogConfig: Setting CVar [[s.LevelStreamingComponentsRegistrationGranularity:10]]
[2023.11.01-01.07.32:251][  0]LogConfig: Setting CVar [[s.UnregisterComponentsTimeLimit:1.0]]
[2023.11.01-01.07.32:251][  0]LogConfig: Setting CVar [[s.LevelStreamingComponentsUnregistrationGranularity:5]]
[2023.11.01-01.07.32:251][  0]LogConfig: Applying CVar settings from Section [/Script/Engine.GarbageCollectionSettings] File [D:/H_Hoon Source Tree/XR_ActionRPG/Step_1_ActionRPG/Saved/Config/Windows/Engine.ini]
[2023.11.01-01.07.32:251][  0]LogConfig: Setting CVar [[gc.MaxObjectsNotConsideredByGC:1]]
[2023.11.01-01.07.32:251][  0]LogConfig: Setting CVar [[gc.SizeOfPermanentObjectPool:0]]
[2023.11.01-01.07.32:251][  0]LogConfig: Setting CVar [[gc.FlushStreamingOnGC:0]]
[2023.11.01-01.07.32:251][  0]LogConfig: Setting CVar [[gc.NumRetriesBeforeForcingGC:10]]
[2023.11.01-01.07.32:251][  0]LogConfig: Setting CVar [[gc.AllowParallelGC:1]]
[2023.11.01-01.07.32:251][  0]LogConfig: Setting CVar [[gc.TimeBetweenPurgingPendingKillObjects:61.1]]
[2023.11.01-01.07.32:251][  0]LogConfig: Setting CVar [[gc.MaxObjectsInEditor:16777216]]
[2023.11.01-01.07.32:251][  0]LogConfig: Setting CVar [[gc.IncrementalBeginDestroyEnabled:1]]
[2023.11.01-01.07.32:251][  0]LogConfig: Setting CVar [[gc.CreateGCClusters:1]]
[2023.11.01-01.07.32:251][  0]LogConfig: Setting CVar [[gc.MinGCClusterSize:5]]
[2023.11.01-01.07.32:251][  0]LogConfig: Setting CVar [[gc.ActorClusteringEnabled:0]]
[2023.11.01-01.07.32:251][  0]LogConfig: Setting CVar [[gc.BlueprintClusteringEnabled:0]]
[2023.11.01-01.07.32:251][  0]LogConfig: Setting CVar [[gc.UseDisregardForGCOnDedicatedServers:0]]
[2023.11.01-01.07.32:251][  0]LogConfig: Applying CVar settings from Section [/Script/Engine.NetworkSettings] File [D:/H_Hoon Source Tree/XR_ActionRPG/Step_1_ActionRPG/Saved/Config/Windows/Engine.ini]
[2023.11.01-01.07.32:251][  0]LogConfig: Applying CVar settings from Section [/Script/UnrealEd.CookerSettings] File [D:/H_Hoon Source Tree/XR_ActionRPG/Step_1_ActionRPG/Saved/Config/Windows/Engine.ini]
[2023.11.01-01.07.32:255][  0]LogConfig: Applying CVar settings from Section [ViewDistanceQuality@3] File [D:/H_Hoon Source Tree/XR_ActionRPG/Step_1_ActionRPG/Saved/Config/Windows/Scalability.ini]
[2023.11.01-01.07.32:255][  0]LogConfig: Setting CVar [[r.SkeletalMeshLODBias:0]]
[2023.11.01-01.07.32:255][  0]LogConfig: Setting CVar [[r.ViewDistanceScale:1.0]]
[2023.11.01-01.07.32:255][  0]LogConfig: Applying CVar settings from Section [AntiAliasingQuality@3] File [D:/H_Hoon Source Tree/XR_ActionRPG/Step_1_ActionRPG/Saved/Config/Windows/Scalability.ini]
[2023.11.01-01.07.32:255][  0]LogConfig: Setting CVar [[r.PostProcessAAQuality:4]]
[2023.11.01-01.07.32:255][  0]LogConfig: Applying CVar settings from Section [ShadowQuality@3] File [D:/H_Hoon Source Tree/XR_ActionRPG/Step_1_ActionRPG/Saved/Config/Windows/Scalability.ini]
[2023.11.01-01.07.32:255][  0]LogConfig: Setting CVar [[r.LightFunctionQuality:1]]
[2023.11.01-01.07.32:255][  0]LogConfig: Setting CVar [[r.ShadowQuality:5]]
[2023.11.01-01.07.32:255][  0]LogConfig: Setting CVar [[r.Shadow.CSM.MaxCascades:10]]
[2023.11.01-01.07.32:255][  0]LogConfig: Setting CVar [[r.Shadow.MaxResolution:2048]]
[2023.11.01-01.07.32:255][  0]LogConfig: Setting CVar [[r.Shadow.MaxCSMResolution:2048]]
[2023.11.01-01.07.32:255][  0]LogConfig: Setting CVar [[r.Shadow.RadiusThreshold:0.01]]
[2023.11.01-01.07.32:255][  0]LogConfig: Setting CVar [[r.Shadow.DistanceScale:1.0]]
[2023.11.01-01.07.32:255][  0]LogConfig: Setting CVar [[r.Shadow.CSM.TransitionScale:1.0]]
[2023.11.01-01.07.32:255][  0]LogConfig: Setting CVar [[r.Shadow.PreShadowResolutionFactor:1.0]]
[2023.11.01-01.07.32:255][  0]LogConfig: Setting CVar [[r.DistanceFieldShadowing:1]]
[2023.11.01-01.07.32:255][  0]LogConfig: Setting CVar [[r.DistanceFieldAO:1]]
[2023.11.01-01.07.32:255][  0]LogConfig: Setting CVar [[r.AOQuality:2]]
[2023.11.01-01.07.32:255][  0]LogConfig: Setting CVar [[r.VolumetricFog:1]]
[2023.11.01-01.07.32:255][  0]LogConfig: Setting CVar [[r.VolumetricFog.GridPixelSize:8]]
[2023.11.01-01.07.32:255][  0]LogConfig: Setting CVar [[r.VolumetricFog.GridSizeZ:128]]
[2023.11.01-01.07.32:255][  0]LogConfig: Setting CVar [[r.VolumetricFog.HistoryMissSupersampleCount:4]]
[2023.11.01-01.07.32:255][  0]LogConfig: Setting CVar [[r.LightMaxDrawDistanceScale:1]]
[2023.11.01-01.07.32:255][  0]LogConfig: Setting CVar [[r.CapsuleShadows:1]]
[2023.11.01-01.07.32:255][  0]LogConfig: Applying CVar settings from Section [PostProcessQuality@3] File [D:/H_Hoon Source Tree/XR_ActionRPG/Step_1_ActionRPG/Saved/Config/Windows/Scalability.ini]
[2023.11.01-01.07.32:255][  0]LogConfig: Setting CVar [[r.MotionBlurQuality:4]]
[2023.11.01-01.07.32:255][  0]LogConfig: Setting CVar [[r.AmbientOcclusionMipLevelFactor:0.4]]
[2023.11.01-01.07.32:255][  0]LogConfig: Setting CVar [[r.AmbientOcclusionMaxQuality:100]]
[2023.11.01-01.07.32:256][  0]LogConfig: Setting CVar [[r.AmbientOcclusionLevels:-1]]
[2023.11.01-01.07.32:256][  0]LogConfig: Setting CVar [[r.AmbientOcclusionRadiusScale:1.0]]
[2023.11.01-01.07.32:256][  0]LogConfig: Setting CVar [[r.DepthOfFieldQuality:2]]
[2023.11.01-01.07.32:256][  0]LogConfig: Setting CVar [[r.RenderTargetPoolMin:400]]
[2023.11.01-01.07.32:256][  0]LogConfig: Setting CVar [[r.LensFlareQuality:2]]
[2023.11.01-01.07.32:256][  0]LogConfig: Setting CVar [[r.SceneColorFringeQuality:1]]
[2023.11.01-01.07.32:256][  0]LogConfig: Setting CVar [[r.EyeAdaptationQuality:2]]
[2023.11.01-01.07.32:256][  0]LogConfig: Setting CVar [[r.BloomQuality:5]]
[2023.11.01-01.07.32:256][  0]LogConfig: Setting CVar [[r.FastBlurThreshold:100]]
[2023.11.01-01.07.32:256][  0]LogConfig: Setting CVar [[r.Upscale.Quality:3]]
[2023.11.01-01.07.32:256][  0]LogConfig: Setting CVar [[r.Tonemapper.GrainQuantization:1]]
[2023.11.01-01.07.32:256][  0]LogConfig: Setting CVar [[r.LightShaftQuality:1]]
[2023.11.01-01.07.32:256][  0]LogConfig: Setting CVar [[r.Filter.SizeScale:1]]
[2023.11.01-01.07.32:256][  0]LogConfig: Setting CVar [[r.Tonemapper.Quality:5]]
[2023.11.01-01.07.32:256][  0]LogConfig: Setting CVar [[r.DOF.Gather.AccumulatorQuality:1        ; higher gathering accumulator quality]]
[2023.11.01-01.07.32:256][  0]LogConfig: Setting CVar [[r.DOF.Gather.PostfilterMethod:1          ; Median3x3 postfilering method]]
[2023.11.01-01.07.32:256][  0]LogConfig: Setting CVar [[r.DOF.Gather.EnableBokehSettings:0       ; no bokeh simulation when gathering]]
[2023.11.01-01.07.32:256][  0]LogConfig: Setting CVar [[r.DOF.Gather.RingCount:4                 ; medium number of samples when gathering]]
[2023.11.01-01.07.32:256][  0]LogConfig: Setting CVar [[r.DOF.Scatter.ForegroundCompositing:1    ; additive foreground scattering]]
[2023.11.01-01.07.32:256][  0]LogConfig: Setting CVar [[r.DOF.Scatter.BackgroundCompositing:2    ; additive background scattering]]
[2023.11.01-01.07.32:256][  0]LogConfig: Setting CVar [[r.DOF.Scatter.EnableBokehSettings:1      ; bokeh simulation when scattering]]
[2023.11.01-01.07.32:256][  0]LogConfig: Setting CVar [[r.DOF.Scatter.MaxSpriteRatio:0.1         ; only a maximum of 10% of scattered bokeh]]
[2023.11.01-01.07.32:256][  0]LogConfig: Setting CVar [[r.DOF.Recombine.Quality:1                ; cheap slight out of focus]]
[2023.11.01-01.07.32:256][  0]LogConfig: Setting CVar [[r.DOF.Recombine.EnableBokehSettings:0    ; no bokeh simulation on slight out of focus]]
[2023.11.01-01.07.32:256][  0]LogConfig: Setting CVar [[r.DOF.TemporalAAQuality:1                ; more stable temporal accumulation]]
[2023.11.01-01.07.32:256][  0]LogConfig: Setting CVar [[r.DOF.Kernel.MaxForegroundRadius:0.025]]
[2023.11.01-01.07.32:256][  0]LogConfig: Setting CVar [[r.DOF.Kernel.MaxBackgroundRadius:0.025]]
[2023.11.01-01.07.32:256][  0]LogConfig: Applying CVar settings from Section [TextureQuality@3] File [D:/H_Hoon Source Tree/XR_ActionRPG/Step_1_ActionRPG/Saved/Config/Windows/Scalability.ini]
[2023.11.01-01.07.32:256][  0]LogConfig: Setting CVar [[r.Streaming.MipBias:0]]
[2023.11.01-01.07.32:256][  0]LogConfig: Setting CVar [[r.Streaming.AmortizeCPUToGPUCopy:0]]
[2023.11.01-01.07.32:256][  0]LogConfig: Setting CVar [[r.Streaming.MaxNumTexturesToStreamPerFrame:0]]
[2023.11.01-01.07.32:256][  0]LogConfig: Setting CVar [[r.Streaming.Boost:1]]
[2023.11.01-01.07.32:256][  0]LogConfig: Setting CVar [[r.MaxAnisotropy:8]]
[2023.11.01-01.07.32:256][  0]LogConfig: Setting CVar [[r.Streaming.LimitPoolSizeToVRAM:0]]
[2023.11.01-01.07.32:256][  0]LogConfig: Setting CVar [[r.Streaming.PoolSize:1000]]
[2023.11.01-01.07.32:256][  0]LogConfig: Setting CVar [[r.Streaming.MaxEffectiveScreenSize:0]]
[2023.11.01-01.07.32:256][  0]LogConfig: Applying CVar settings from Section [EffectsQuality@3] File [D:/H_Hoon Source Tree/XR_ActionRPG/Step_1_ActionRPG/Saved/Config/Windows/Scalability.ini]
[2023.11.01-01.07.32:256][  0]LogConfig: Setting CVar [[r.TranslucencyLightingVolumeDim:64]]
[2023.11.01-01.07.32:256][  0]LogConfig: Setting CVar [[r.RefractionQuality:2]]
[2023.11.01-01.07.32:256][  0]LogConfig: Setting CVar [[r.SSR.Quality:3]]
[2023.11.01-01.07.32:256][  0]LogConfig: Setting CVar [[r.SceneColorFormat:4]]
[2023.11.01-01.07.32:256][  0]LogConfig: Setting CVar [[r.DetailMode:2]]
[2023.11.01-01.07.32:256][  0]LogConfig: Setting CVar [[r.TranslucencyVolumeBlur:1]]
[2023.11.01-01.07.32:256][  0]LogConfig: Setting CVar [[r.MaterialQualityLevel:1 ; High quality]]
[2023.11.01-01.07.32:256][  0]LogConfig: Setting CVar [[r.SSS.Scale:1]]
[2023.11.01-01.07.32:256][  0]LogConfig: Setting CVar [[r.SSS.SampleSet:2]]
[2023.11.01-01.07.32:256][  0]LogConfig: Setting CVar [[r.SSS.Quality:1]]
[2023.11.01-01.07.32:256][  0]LogConfig: Setting CVar [[r.SSS.HalfRes:1]]
[2023.11.01-01.07.32:256][  0]LogConfig: Setting CVar [[r.EmitterSpawnRateScale:1.0]]
[2023.11.01-01.07.32:256][  0]LogConfig: Setting CVar [[r.ParticleLightQuality:2]]
[2023.11.01-01.07.32:256][  0]LogConfig: Applying CVar settings from Section [FoliageQuality@3] File [D:/H_Hoon Source Tree/XR_ActionRPG/Step_1_ActionRPG/Saved/Config/Windows/Scalability.ini]
[2023.11.01-01.07.32:256][  0]LogConfig: Setting CVar [[foliage.DensityScale:1.0]]
[2023.11.01-01.07.32:256][  0]LogConfig: Setting CVar [[grass.DensityScale:1.0]]
[2023.11.01-01.07.32:256][  0]LogInit: Selected Device Profile: [Windows]
[2023.11.01-01.07.32:256][  0]LogInit: Applying CVar settings loaded from the selected device profile: [Windows]
[2023.11.01-01.07.32:428][  0]LogHAL: Display: Platform has ~ 16 GB [16977186816 / 17179869184 / 16], which maps to Larger [LargestMinGB=32, LargerMinGB=12, DefaultMinGB=8, SmallerMinGB=6, SmallestMinGB=0)
[2023.11.01-01.07.32:428][  0]LogConfig: Setting CVar [[r.Vulkan.UseRealUBs:1]]
[2023.11.01-01.07.32:428][  0]LogInit: Going up to parent DeviceProfile []
[2023.11.01-01.07.32:429][  0]LogConfig: Applying CVar settings from Section [ViewDistanceQuality@3] File [D:/H_Hoon Source Tree/XR_ActionRPG/Step_1_ActionRPG/Saved/Config/Windows/Scalability.ini]
[2023.11.01-01.07.32:429][  0]LogConfig: Setting CVar [[r.SkeletalMeshLODBias:0]]
[2023.11.01-01.07.32:429][  0]LogConfig: Setting CVar [[r.ViewDistanceScale:1.0]]
[2023.11.01-01.07.32:429][  0]LogConfig: Applying CVar settings from Section [AntiAliasingQuality@3] File [D:/H_Hoon Source Tree/XR_ActionRPG/Step_1_ActionRPG/Saved/Config/Windows/Scalability.ini]
[2023.11.01-01.07.32:429][  0]LogConfig: Setting CVar [[r.PostProcessAAQuality:4]]
[2023.11.01-01.07.32:429][  0]LogConfig: Applying CVar settings from Section [ShadowQuality@3] File [D:/H_Hoon Source Tree/XR_ActionRPG/Step_1_ActionRPG/Saved/Config/Windows/Scalability.ini]
[2023.11.01-01.07.32:429][  0]LogConfig: Setting CVar [[r.LightFunctionQuality:1]]
[2023.11.01-01.07.32:429][  0]LogConfig: Setting CVar [[r.ShadowQuality:5]]
[2023.11.01-01.07.32:429][  0]LogConfig: Setting CVar [[r.Shadow.CSM.MaxCascades:10]]
[2023.11.01-01.07.32:429][  0]LogConfig: Setting CVar [[r.Shadow.MaxResolution:2048]]
[2023.11.01-01.07.32:429][  0]LogConfig: Setting CVar [[r.Shadow.MaxCSMResolution:2048]]
[2023.11.01-01.07.32:429][  0]LogConfig: Setting CVar [[r.Shadow.RadiusThreshold:0.01]]
[2023.11.01-01.07.32:429][  0]LogConfig: Setting CVar [[r.Shadow.DistanceScale:1.0]]
[2023.11.01-01.07.32:429][  0]LogConfig: Setting CVar [[r.Shadow.CSM.TransitionScale:1.0]]
[2023.11.01-01.07.32:429][  0]LogConfig: Setting CVar [[r.Shadow.PreShadowResolutionFactor:1.0]]
[2023.11.01-01.07.32:429][  0]LogConfig: Setting CVar [[r.DistanceFieldShadowing:1]]
[2023.11.01-01.07.32:429][  0]LogConfig: Setting CVar [[r.DistanceFieldAO:1]]
[2023.11.01-01.07.32:429][  0]LogConfig: Setting CVar [[r.AOQuality:2]]
[2023.11.01-01.07.32:429][  0]LogConfig: Setting CVar [[r.VolumetricFog:1]]
[2023.11.01-01.07.32:429][  0]LogConfig: Setting CVar [[r.VolumetricFog.GridPixelSize:8]]
[2023.11.01-01.07.32:429][  0]LogConfig: Setting CVar [[r.VolumetricFog.GridSizeZ:128]]
[2023.11.01-01.07.32:429][  0]LogConfig: Setting CVar [[r.VolumetricFog.HistoryMissSupersampleCount:4]]
[2023.11.01-01.07.32:429][  0]LogConfig: Setting CVar [[r.LightMaxDrawDistanceScale:1]]
[2023.11.01-01.07.32:429][  0]LogConfig: Setting CVar [[r.CapsuleShadows:1]]
[2023.11.01-01.07.32:429][  0]LogConfig: Applying CVar settings from Section [PostProcessQuality@3] File [D:/H_Hoon Source Tree/XR_ActionRPG/Step_1_ActionRPG/Saved/Config/Windows/Scalability.ini]
[2023.11.01-01.07.32:429][  0]LogConfig: Setting CVar [[r.MotionBlurQuality:4]]
[2023.11.01-01.07.32:429][  0]LogConfig: Setting CVar [[r.AmbientOcclusionMipLevelFactor:0.4]]
[2023.11.01-01.07.32:429][  0]LogConfig: Setting CVar [[r.AmbientOcclusionMaxQuality:100]]
[2023.11.01-01.07.32:429][  0]LogConfig: Setting CVar [[r.AmbientOcclusionLevels:-1]]
[2023.11.01-01.07.32:429][  0]LogConfig: Setting CVar [[r.AmbientOcclusionRadiusScale:1.0]]
[2023.11.01-01.07.32:429][  0]LogConfig: Setting CVar [[r.DepthOfFieldQuality:2]]
[2023.11.01-01.07.32:429][  0]LogConfig: Setting CVar [[r.RenderTargetPoolMin:400]]
[2023.11.01-01.07.32:429][  0]LogConfig: Setting CVar [[r.LensFlareQuality:2]]
[2023.11.01-01.07.32:429][  0]LogConfig: Setting CVar [[r.SceneColorFringeQuality:1]]
[2023.11.01-01.07.32:429][  0]LogConfig: Setting CVar [[r.EyeAdaptationQuality:2]]
[2023.11.01-01.07.32:429][  0]LogConfig: Setting CVar [[r.BloomQuality:5]]
[2023.11.01-01.07.32:429][  0]LogConfig: Setting CVar [[r.FastBlurThreshold:100]]
[2023.11.01-01.07.32:429][  0]LogConfig: Setting CVar [[r.Upscale.Quality:3]]
[2023.11.01-01.07.32:429][  0]LogConfig: Setting CVar [[r.Tonemapper.GrainQuantization:1]]
[2023.11.01-01.07.32:429][  0]LogConfig: Setting CVar [[r.LightShaftQuality:1]]
[2023.11.01-01.07.32:429][  0]LogConfig: Setting CVar [[r.Filter.SizeScale:1]]
[2023.11.01-01.07.32:429][  0]LogConfig: Setting CVar [[r.Tonemapper.Quality:5]]
[2023.11.01-01.07.32:429][  0]LogConfig: Setting CVar [[r.DOF.Gather.AccumulatorQuality:1        ; higher gathering accumulator quality]]
[2023.11.01-01.07.32:429][  0]LogConfig: Setting CVar [[r.DOF.Gather.PostfilterMethod:1          ; Median3x3 postfilering method]]
[2023.11.01-01.07.32:429][  0]LogConfig: Setting CVar [[r.DOF.Gather.EnableBokehSettings:0       ; no bokeh simulation when gathering]]
[2023.11.01-01.07.32:429][  0]LogConfig: Setting CVar [[r.DOF.Gather.RingCount:4                 ; medium number of samples when gathering]]
[2023.11.01-01.07.32:429][  0]LogConfig: Setting CVar [[r.DOF.Scatter.ForegroundCompositing:1    ; additive foreground scattering]]
[2023.11.01-01.07.32:429][  0]LogConfig: Setting CVar [[r.DOF.Scatter.BackgroundCompositing:2    ; additive background scattering]]
[2023.11.01-01.07.32:429][  0]LogConfig: Setting CVar [[r.DOF.Scatter.EnableBokehSettings:1      ; bokeh simulation when scattering]]
[2023.11.01-01.07.32:429][  0]LogConfig: Setting CVar [[r.DOF.Scatter.MaxSpriteRatio:0.1         ; only a maximum of 10% of scattered bokeh]]
[2023.11.01-01.07.32:429][  0]LogConfig: Setting CVar [[r.DOF.Recombine.Quality:1                ; cheap slight out of focus]]
[2023.11.01-01.07.32:429][  0]LogConfig: Setting CVar [[r.DOF.Recombine.EnableBokehSettings:0    ; no bokeh simulation on slight out of focus]]
[2023.11.01-01.07.32:429][  0]LogConfig: Setting CVar [[r.DOF.TemporalAAQuality:1                ; more stable temporal accumulation]]
[2023.11.01-01.07.32:429][  0]LogConfig: Setting CVar [[r.DOF.Kernel.MaxForegroundRadius:0.025]]
[2023.11.01-01.07.32:429][  0]LogConfig: Setting CVar [[r.DOF.Kernel.MaxBackgroundRadius:0.025]]
[2023.11.01-01.07.32:429][  0]LogConfig: Applying CVar settings from Section [TextureQuality@3] File [D:/H_Hoon Source Tree/XR_ActionRPG/Step_1_ActionRPG/Saved/Config/Windows/Scalability.ini]
[2023.11.01-01.07.32:429][  0]LogConfig: Setting CVar [[r.Streaming.MipBias:0]]
[2023.11.01-01.07.32:429][  0]LogConfig: Setting CVar [[r.Streaming.AmortizeCPUToGPUCopy:0]]
[2023.11.01-01.07.32:429][  0]LogConfig: Setting CVar [[r.Streaming.MaxNumTexturesToStreamPerFrame:0]]
[2023.11.01-01.07.32:429][  0]LogConfig: Setting CVar [[r.Streaming.Boost:1]]
[2023.11.01-01.07.32:429][  0]LogConfig: Setting CVar [[r.MaxAnisotropy:8]]
[2023.11.01-01.07.32:429][  0]LogConfig: Setting CVar [[r.Streaming.LimitPoolSizeToVRAM:0]]
[2023.11.01-01.07.32:429][  0]LogConfig: Setting CVar [[r.Streaming.PoolSize:1000]]
[2023.11.01-01.07.32:429][  0]LogConfig: Setting CVar [[r.Streaming.MaxEffectiveScreenSize:0]]
[2023.11.01-01.07.32:429][  0]LogConfig: Applying CVar settings from Section [EffectsQuality@3] File [D:/H_Hoon Source Tree/XR_ActionRPG/Step_1_ActionRPG/Saved/Config/Windows/Scalability.ini]
[2023.11.01-01.07.32:429][  0]LogConfig: Setting CVar [[r.TranslucencyLightingVolumeDim:64]]
[2023.11.01-01.07.32:429][  0]LogConfig: Setting CVar [[r.RefractionQuality:2]]
[2023.11.01-01.07.32:429][  0]LogConfig: Setting CVar [[r.SSR.Quality:3]]
[2023.11.01-01.07.32:429][  0]LogConfig: Setting CVar [[r.SceneColorFormat:4]]
[2023.11.01-01.07.32:429][  0]LogConfig: Setting CVar [[r.DetailMode:2]]
[2023.11.01-01.07.32:429][  0]LogConfig: Setting CVar [[r.TranslucencyVolumeBlur:1]]
[2023.11.01-01.07.32:429][  0]LogConfig: Setting CVar [[r.MaterialQualityLevel:1 ; High quality]]
[2023.11.01-01.07.32:429][  0]LogConfig: Setting CVar [[r.SSS.Scale:1]]
[2023.11.01-01.07.32:429][  0]LogConfig: Setting CVar [[r.SSS.SampleSet:2]]
[2023.11.01-01.07.32:429][  0]LogConfig: Setting CVar [[r.SSS.Quality:1]]
[2023.11.01-01.07.32:429][  0]LogConfig: Setting CVar [[r.SSS.HalfRes:1]]
[2023.11.01-01.07.32:429][  0]LogConfig: Setting CVar [[r.EmitterSpawnRateScale:1.0]]
[2023.11.01-01.07.32:429][  0]LogConfig: Setting CVar [[r.ParticleLightQuality:2]]
[2023.11.01-01.07.32:429][  0]LogConfig: Applying CVar settings from Section [FoliageQuality@3] File [D:/H_Hoon Source Tree/XR_ActionRPG/Step_1_ActionRPG/Saved/Config/Windows/Scalability.ini]
[2023.11.01-01.07.32:429][  0]LogConfig: Setting CVar [[foliage.DensityScale:1.0]]
[2023.11.01-01.07.32:429][  0]LogConfig: Setting CVar [[grass.DensityScale:1.0]]
[2023.11.01-01.07.32:429][  0]LogConfig: Applying CVar settings from Section [Startup] File [../../../Engine/Config/ConsoleVariables.ini]
[2023.11.01-01.07.32:430][  0]LogConfig: Setting CVar [[net.UseAdaptiveNetUpdateFrequency:0]]
[2023.11.01-01.07.32:430][  0]LogConfig: Setting CVar [[p.chaos.AllowCreatePhysxBodies:1]]
[2023.11.01-01.07.32:430][  0]LogConfig: Applying CVar settings from Section [ConsoleVariables] File [D:/H_Hoon Source Tree/XR_ActionRPG/Step_1_ActionRPG/Saved/Config/Windows/Engine.ini]
[2023.11.01-01.07.32:430][  0]LogInit: Computer: DESKTOP-J7AFA15
[2023.11.01-01.07.32:430][  0]LogInit: User: user
[2023.11.01-01.07.32:430][  0]LogInit: CPU Page size=4096, Cores=6
[2023.11.01-01.07.32:430][  0]LogInit: High frequency timer resolution =10.000000 MHz
[2023.11.01-01.07.32:430][  0]LogMemory: Memory total: Physical=15.8GB (16GB approx)
[2023.11.01-01.07.32:430][  0]LogMemory: Platform Memory Stats for Windows
[2023.11.01-01.07.32:430][  0]LogMemory: Process Physical Memory: 115.78 MB used, 119.66 MB peak
[2023.11.01-01.07.32:430][  0]LogMemory: Process Virtual Memory: 103.36 MB used, 103.36 MB peak
[2023.11.01-01.07.32:430][  0]LogMemory: Physical Memory: 8467.00 MB used,  7723.71 MB free, 16190.71 MB total
[2023.11.01-01.07.32:430][  0]LogMemory: Virtual Memory: 4662.01 MB used,  134213064.00 MB free, 134217728.00 MB total
[2023.11.01-01.07.32:481][  0]LogInit: Using OS detected language (ko-KR).
[2023.11.01-01.07.32:481][  0]LogInit: Using OS detected locale (ko-KR).
[2023.11.01-01.07.32:482][  0]LogTextLocalizationManager: No specific localization for 'ko-KR' exists, so the 'ko' localization will be used.
[2023.11.01-01.07.32:548][  0]LogInit: Setting process to per monitor DPI aware
[2023.11.01-01.07.32:594][  0]LogSlate: New Slate User Created.  User Index 0, Is Virtual User: 0
[2023.11.01-01.07.32:594][  0]LogSlate: Slate User Registered.  User Index 0, Is Virtual User: 0
[2023.11.01-01.07.32:785][  0]LogD3D11RHI: D3D11 adapters:
[2023.11.01-01.07.32:936][  0]LogD3D11RHI:    0. 'NVIDIA GeForce GTX 1080' (Feature Level 11_0)
[2023.11.01-01.07.32:936][  0]LogD3D11RHI:       8072/0/8095 MB DedicatedVideo/DedicatedSystem/SharedSystem, Outputs:1, VendorId:0x10de
[2023.11.01-01.07.32:990][  0]LogD3D11RHI:    1. 'Intel(R) UHD Graphics 630' (Feature Level 11_0)
[2023.11.01-01.07.32:990][  0]LogD3D11RHI:       128/0/8095 MB DedicatedVideo/DedicatedSystem/SharedSystem, Outputs:0, VendorId:0x8086
[2023.11.01-01.07.32:993][  0]LogD3D11RHI:    2. 'Microsoft Basic Render Driver' (Feature Level 11_0)
[2023.11.01-01.07.32:993][  0]LogD3D11RHI:       0/0/8095 MB DedicatedVideo/DedicatedSystem/SharedSystem, Outputs:0, VendorId:0x1414
[2023.11.01-01.07.32:993][  0]LogD3D11RHI: Chosen D3D11 Adapter: 0
[2023.11.01-01.07.32:998][  0]LogD3D11RHI: Creating new Direct3DDevice
[2023.11.01-01.07.32:998][  0]LogD3D11RHI:     GPU DeviceId: 0x1b80 (for the marketing name, search the web for "GPU Device Id")
[2023.11.01-01.07.32:998][  0]LogWindows: EnumDisplayDevices:
[2023.11.01-01.07.32:999][  0]LogWindows:    0. 'NVIDIA GeForce GTX 1080' (P:1 D:1)
[2023.11.01-01.07.32:999][  0]LogWindows:    1. 'NVIDIA GeForce GTX 1080' (P:0 D:0)
[2023.11.01-01.07.32:999][  0]LogWindows:    2. 'NVIDIA GeForce GTX 1080' (P:0 D:0)
[2023.11.01-01.07.33:000][  0]LogWindows:    3. 'NVIDIA GeForce GTX 1080' (P:0 D:0)
[2023.11.01-01.07.33:000][  0]LogWindows:    4. 'Intel(R) UHD Graphics 630' (P:0 D:0)
[2023.11.01-01.07.33:000][  0]LogWindows:    5. 'Intel(R) UHD Graphics 630' (P:0 D:0)
[2023.11.01-01.07.33:001][  0]LogWindows:    6. 'Intel(R) UHD Graphics 630' (P:0 D:0)
[2023.11.01-01.07.33:001][  0]LogWindows: DebugString: PrimaryIsNotTheChoosenAdapter PrimaryIsNotTheChoosenAdapter PrimaryIsNotTheChoosenAdapter FoundDriverCount:4 
[2023.11.01-01.07.33:001][  0]LogD3D11RHI:     Adapter Name: NVIDIA GeForce GTX 1080
[2023.11.01-01.07.33:001][  0]LogD3D11RHI:   Driver Version: 537.42 (internal:31.0.15.3742, unified:537.42)
[2023.11.01-01.07.33:001][  0]LogD3D11RHI:      Driver Date: 9-12-2023
[2023.11.01-01.07.33:001][  0]LogRHI: Texture pool is 5650 MB (70% of 8072 MB)
[2023.11.01-01.07.33:100][  0]LogD3D11RHI: Async texture creation enabled
[2023.11.01-01.07.33:107][  0]LogRendererCore: FGlobalReadBuffer::InitRHI
[2023.11.01-01.07.33:107][  0]LogRendererCore: FGlobalReadBuffer::InitRHI
[2023.11.01-01.07.33:107][  0]LogRendererCore: FGlobalReadBuffer::InitRHI
[2023.11.01-01.07.33:116][  0]LogD3D11RHI: GPU Timing Frequency: 1000.000000 (Debug: 2 1)
[2023.11.01-01.07.33:412][  0]LogTemp: Display: Module 'AllDesktopTargetPlatform' loaded TargetPlatform 'AllDesktop'
[2023.11.01-01.07.33:424][  0]LogTemp: Display: Module 'MacClientTargetPlatform' loaded TargetPlatform 'MacClient'
[2023.11.01-01.07.33:436][  0]LogTemp: Display: Module 'MacNoEditorTargetPlatform' loaded TargetPlatform 'MacNoEditor'
[2023.11.01-01.07.33:449][  0]LogTemp: Display: Module 'MacServerTargetPlatform' loaded TargetPlatform 'MacServer'
[2023.11.01-01.07.33:462][  0]LogTemp: Display: Module 'MacTargetPlatform' loaded TargetPlatform 'Mac'
[2023.11.01-01.07.33:475][  0]LogTemp: Display: Module 'WindowsClientTargetPlatform' loaded TargetPlatform 'WindowsClient'
[2023.11.01-01.07.33:488][  0]LogTemp: Display: Module 'WindowsNoEditorTargetPlatform' loaded TargetPlatform 'WindowsNoEditor'
[2023.11.01-01.07.33:500][  0]LogTemp: Display: Module 'WindowsServerTargetPlatform' loaded TargetPlatform 'WindowsServer'
[2023.11.01-01.07.33:506][  0]LogTemp: Display: Module 'WindowsTargetPlatform' loaded TargetPlatform 'Windows'
[2023.11.01-01.07.33:584][  0]LogTemp: Display: Module 'AndroidTargetPlatform' loaded TargetPlatform 'Android'
[2023.11.01-01.07.33:584][  0]LogTemp: Display: Module 'AndroidTargetPlatform' loaded TargetPlatform 'Android_ASTC'
[2023.11.01-01.07.33:584][  0]LogTemp: Display: Module 'AndroidTargetPlatform' loaded TargetPlatform 'Android_ATC'
[2023.11.01-01.07.33:584][  0]LogTemp: Display: Module 'AndroidTargetPlatform' loaded TargetPlatform 'Android_DXT'
[2023.11.01-01.07.33:584][  0]LogTemp: Display: Module 'AndroidTargetPlatform' loaded TargetPlatform 'Android_ETC1'
[2023.11.01-01.07.33:584][  0]LogTemp: Display: Module 'AndroidTargetPlatform' loaded TargetPlatform 'Android_ETC1a'
[2023.11.01-01.07.33:584][  0]LogTemp: Display: Module 'AndroidTargetPlatform' loaded TargetPlatform 'Android_ETC2'
[2023.11.01-01.07.33:584][  0]LogTemp: Display: Module 'AndroidTargetPlatform' loaded TargetPlatform 'Android_PVRTC'
[2023.11.01-01.07.33:584][  0]LogTemp: Display: Module 'AndroidTargetPlatform' loaded TargetPlatform 'AndroidClient'
[2023.11.01-01.07.33:585][  0]LogTemp: Display: Module 'AndroidTargetPlatform' loaded TargetPlatform 'Android_ASTCClient'
[2023.11.01-01.07.33:585][  0]LogTemp: Display: Module 'AndroidTargetPlatform' loaded TargetPlatform 'Android_ATCClient'
[2023.11.01-01.07.33:585][  0]LogTemp: Display: Module 'AndroidTargetPlatform' loaded TargetPlatform 'Android_DXTClient'
[2023.11.01-01.07.33:585][  0]LogTemp: Display: Module 'AndroidTargetPlatform' loaded TargetPlatform 'Android_ETC1Client'
[2023.11.01-01.07.33:585][  0]LogTemp: Display: Module 'AndroidTargetPlatform' loaded TargetPlatform 'Android_ETC1aClient'
[2023.11.01-01.07.33:585][  0]LogTemp: Display: Module 'AndroidTargetPlatform' loaded TargetPlatform 'Android_ETC2Client'
[2023.11.01-01.07.33:585][  0]LogTemp: Display: Module 'AndroidTargetPlatform' loaded TargetPlatform 'Android_PVRTCClient'
[2023.11.01-01.07.33:585][  0]LogTemp: Display: Module 'AndroidTargetPlatform' loaded TargetPlatform 'Android_Multi'
[2023.11.01-01.07.33:585][  0]LogTemp: Display: Module 'AndroidTargetPlatform' loaded TargetPlatform 'Android_MultiClient'
[2023.11.01-01.07.33:587][  0]LogTemp: Display: Module 'HTML5TargetPlatform' loaded TargetPlatform 'HTML5'
[2023.11.01-01.07.33:636][  0]LogTemp: Display: Module 'IOSTargetPlatform' loaded TargetPlatform 'IOSClient'
[2023.11.01-01.07.33:636][  0]LogTemp: Display: Module 'IOSTargetPlatform' loaded TargetPlatform 'IOS'
[2023.11.01-01.07.33:658][  0]LogTemp: Display: Module 'TVOSTargetPlatform' loaded TargetPlatform 'TVOSClient'
[2023.11.01-01.07.33:658][  0]LogTemp: Display: Module 'TVOSTargetPlatform' loaded TargetPlatform 'TVOS'
[2023.11.01-01.07.33:669][  0]LogTemp: Display: Module 'LinuxClientTargetPlatform' loaded TargetPlatform 'LinuxClient'
[2023.11.01-01.07.33:681][  0]LogTemp: Display: Module 'LinuxNoEditorTargetPlatform' loaded TargetPlatform 'LinuxNoEditor'
[2023.11.01-01.07.33:693][  0]LogTemp: Display: Module 'LinuxServerTargetPlatform' loaded TargetPlatform 'LinuxServer'
[2023.11.01-01.07.33:705][  0]LogTemp: Display: Module 'LinuxTargetPlatform' loaded TargetPlatform 'Linux'
[2023.11.01-01.07.33:746][  0]LogTemp: Display: Module 'LuminTargetPlatform' loaded TargetPlatform 'Lumin'
[2023.11.01-01.07.33:746][  0]LogTemp: Display: Module 'LuminTargetPlatform' loaded TargetPlatform 'LuminClient'
[2023.11.01-01.07.33:746][  0]LogTargetPlatformManager: Display: Building Assets For Windows
[2023.11.01-01.07.33:754][  0]LogAudioDebug: Display: Lib vorbis DLL was dynamically loaded.
[2023.11.01-01.07.33:802][  0]LogShaderCompilers: Guid format shader working directory is -6 characters bigger than the processId version (D:/H_Hoon Source Tree/XR_ActionRPG/Step_1_ActionRPG/Intermediate/Shaders/WorkingDirectory/4184/).
[2023.11.01-01.07.33:803][  0]LogShaderCompilers: Cleaned the shader compiler working directory 'C:/Users/user/AppData/Local/Temp/UnrealShaderWorkingDir/2FB8E52C400E2549BF0BA4933B368319/'.
[2023.11.01-01.07.33:805][  0]LogXGEController: Cannot use XGE Controller as Incredibuild is not installed on this machine.
[2023.11.01-01.07.33:805][  0]LogShaderCompilers: Cannot use XGE Shader Compiler as Incredibuild is not installed on this machine.
[2023.11.01-01.07.33:805][  0]LogShaderCompilers: Display: Using Local Shader Compiler.
[2023.11.01-01.07.34:258][  0]LogDerivedDataCache: Display: Max Cache Size: 512 MB
[2023.11.01-01.07.34:306][  0]LogDerivedDataCache: Loaded boot cache 0.05s 91MB C:/Users/user/AppData/Local/UnrealEngine/4.22/DerivedDataCache/Boot.ddc.
[2023.11.01-01.07.34:306][  0]LogDerivedDataCache: Display: Loaded Boot cache: C:/Users/user/AppData/Local/UnrealEngine/4.22/DerivedDataCache/Boot.ddc
[2023.11.01-01.07.34:306][  0]LogDerivedDataCache: FDerivedDataBackendGraph:  Pak pak cache file D:/H_Hoon Source Tree/XR_ActionRPG/Step_1_ActionRPG/DerivedDataCache/DDC.ddp not found, will not use a pak cache.
[2023.11.01-01.07.34:306][  0]LogDerivedDataCache: Unable to find inner node Pak for hierarchical cache Hierarchy.
[2023.11.01-01.07.34:306][  0]LogDerivedDataCache: FDerivedDataBackendGraph:  CompressedPak pak cache file D:/H_Hoon Source Tree/XR_ActionRPG/Step_1_ActionRPG/DerivedDataCache/Compressed.ddp not found, will not use a pak cache.
[2023.11.01-01.07.34:306][  0]LogDerivedDataCache: Unable to find inner node CompressedPak for hierarchical cache Hierarchy.
[2023.11.01-01.07.34:316][  0]LogDerivedDataCache: Display: Pak cache opened for reading ../../../Engine/DerivedDataCache/Compressed.ddp.
[2023.11.01-01.07.34:316][  0]LogDerivedDataCache: FDerivedDataBackendGraph:  EnterprisePak pak cache file ../../../Enterprise/DerivedDataCache/Compressed.ddp not found, will not use a pak cache.
[2023.11.01-01.07.34:316][  0]LogDerivedDataCache: Unable to find inner node EnterprisePak for hierarchical cache Hierarchy.
[2023.11.01-01.07.34:329][  0]LogDerivedDataCache: Using Local data cache path C:/Users/user/AppData/Local/UnrealEngine/Common/DerivedDataCache: Writable
[2023.11.01-01.07.34:329][  0]LogDerivedDataCache: Shared data cache path not found in *engine.ini, will not use an Shared cache.
[2023.11.01-01.07.34:329][  0]LogDerivedDataCache: Unable to find inner node Shared for hierarchical cache Hierarchy.
[2023.11.01-01.07.34:355][  0]LogMaterial: Verifying Global Shaders for PCD3D_SM5
[2023.11.01-01.07.34:356][  0]LogSlate: Using FreeType 2.6.0
[2023.11.01-01.07.34:356][  0]LogSlate: SlateFontServices - WITH_FREETYPE: 1, WITH_HARFBUZZ: 1
[2023.11.01-01.07.34:440][  0]LogAssetRegistry: FAssetRegistry took 0.0329 seconds to start up
[2023.11.01-01.07.35:231][  0]LogInit: Selected Device Profile: [Windows]
[2023.11.01-01.07.35:341][  0]LogMeshReduction: Using QuadricMeshReduction for automatic static mesh reduction
[2023.11.01-01.07.35:341][  0]LogMeshReduction: Using SimplygonMeshReduction for automatic skeletal mesh reduction
[2023.11.01-01.07.35:341][  0]LogMeshReduction: Using ProxyLODMeshReduction for automatic mesh merging
[2023.11.01-01.07.35:341][  0]LogMeshReduction: No distributed automatic mesh merging module available
[2023.11.01-01.07.35:342][  0]LogMeshMerging: No distributed automatic mesh merging module available
[2023.11.01-01.07.35:354][  0]LogNetVersion: ActionRPG 1.0.0, NetCL: 5660361, EngineNetVer: 10, GameNetVer: 0 (Checksum: 3792473898)
[2023.11.01-01.07.36:004][  0]LogPackageLocalizationCache: Processed 4 localized package path(s) for 1 prioritized culture(s) in 0.028975 seconds
[2023.11.01-01.07.36:010][  0]LogUObjectArray: 40989 objects as part of root set at end of initial load.
[2023.11.01-01.07.36:010][  0]LogUObjectAllocator: 7101464 out of 0 bytes used by permanent object pool.
[2023.11.01-01.07.36:010][  0]LogUObjectArray: CloseDisregardForGC: 0/0 objects in disregard for GC pool
[2023.11.01-01.07.36:836][  0]LogTcpMessaging: Initializing TcpMessaging bridge
[2023.11.01-01.07.36:851][  0]LogUdpMessaging: Initializing bridge on interface 0.0.0.0:0 to multicast group 230.0.0.1:6666.
[2023.11.01-01.07.36:952][  0]LogStats: UGameplayTagsManager::InitializeManager -  0.003 s
[2023.11.01-01.07.37:289][  0]SourceControl: 소스 컨트롤이 꺼져 있습니다.
[2023.11.01-01.07.37:289][  0]SourceControl: 소스 컨트롤이 꺼져 있습니다.
[2023.11.01-01.07.37:290][  0]SourceControl: 소스 컨트롤이 꺼져 있습니다.
[2023.11.01-01.07.37:291][  0]SourceControl: 소스 컨트롤이 꺼져 있습니다.
[2023.11.01-01.07.37:351][  0]LogAndroidPermission: UAndroidPermissionCallbackProxy::GetInstance
[2023.11.01-01.07.37:519][  0]LogEngine: Initializing Engine...
[2023.11.01-01.07.37:707][  0]LogInit: Initializing FReadOnlyCVARCache
[2023.11.01-01.07.37:716][  0]LogAIModule: Creating AISystem for world Untitled
[2023.11.01-01.07.37:755][  0]LogInit: XAudio2 using '스피커 / 헤드폰(Realtek Audio)' : 2 channels at 48 kHz using 32 bits per sample (channel mask 0x3)
[2023.11.01-01.07.38:040][  0]LogInit: FAudioDevice initialized.
[2023.11.01-01.07.38:040][  0]LogNetVersion: Set ProjectVersion to 1.0.0.0. Version Checksum will be recalculated on next use.
[2023.11.01-01.07.38:510][  0]LogDerivedDataCache: Saved boot cache 0.47s 91MB C:/Users/user/AppData/Local/UnrealEngine/4.22/DerivedDataCache/Boot.ddc.
[2023.11.01-01.07.38:513][  0]LogInit: Texture streaming: Enabled
[2023.11.01-01.07.38:533][  0]LogEngineSessionManager: EngineSessionManager initialized
[2023.11.01-01.07.38:555][  0]LogInit: Transaction tracking system initialized
[2023.11.01-01.07.38:581][  0]BlueprintLog: New page: 에디터 로드
[2023.11.01-01.07.38:661][  0]LocalizationService: 현지화 서비스가 비활성화되었습니다.
[2023.11.01-01.07.39:166][  0]LogFileCache: Scanning file cache for directory 'D:/H_Hoon Source Tree/XR_ActionRPG/Step_1_ActionRPG/Content/' took 0.03s
[2023.11.01-01.07.39:166][  0]LogCook: Display: Max memory allowance for cook 16384mb min free memory 0mb
[2023.11.01-01.07.39:166][  0]LogCook: Display: Mobile HDR setting 1
[2023.11.01-01.07.39:178][  0]LogStats: FGameplayAbilitiesEditorModule::GameplayTagTreeChanged -  0.000 s
[2023.11.01-01.07.39:261][  0]LogStats: UGameplayCueManager::InitializeEditorObjectLibrary -  0.002 s
[2023.11.01-01.07.39:295][  0]SourceControl: 소스 컨트롤이 꺼져 있습니다.
[2023.11.01-01.07.39:295][  0]Cmd: MAP LOAD FILE="D:/H_Hoon Source Tree/XR_ActionRPG/Step_1_ActionRPG/Content/0_UserGame/Maps/MenuLevel.umap" TEMPLATE=0 SHOWPROGRESS=1 FEATURELEVEL=3
[2023.11.01-01.07.39:296][  0]LightingResults: New page: 라이팅 빌드
[2023.11.01-01.07.39:298][  0]MapCheck: New page: 맵 체크
[2023.11.01-01.07.39:298][  0]LightingResults: New page: 라이팅 빌드
[2023.11.01-01.07.39:321][  0]LogUObjectHash: Compacting FUObjectHashTables data took   1.21ms
[2023.11.01-01.07.40:243][  0]LogAIModule: Creating AISystem for world MenuLevel
[2023.11.01-01.07.40:262][  0]LogEditorServer: Finished looking for orphan Actors (0.000 secs)
[2023.11.01-01.07.40:288][  0]LogUObjectHash: Compacting FUObjectHashTables data took   1.60ms
[2023.11.01-01.07.40:288][  0]Cmd: MAP CHECKDEP NOCLEARLOG
[2023.11.01-01.07.40:288][  0]MapCheck: 맵 체크 완료: 오류 0 회, 경고 0 회, 소요 시간 0.091ms.
[2023.11.01-01.07.40:288][  0]LogFileHelpers: Loading map 'MenuLevel' took 0.993
[2023.11.01-01.07.40:604][  0]LogSlate: Updating window title bar state: overlay mode, drag disabled, window buttons hidden, title bar hidden
[2023.11.01-01.07.40:632][  0]LogSlate: Updating window title bar state: overlay mode, drag disabled, window buttons hidden, title bar hidden
[2023.11.01-01.07.40:637][  0]LogSlate: Updating window title bar state: overlay mode, drag disabled, window buttons hidden, title bar hidden
[2023.11.01-01.07.40:643][  0]LogSlate: Updating window title bar state: overlay mode, drag disabled, window buttons hidden, title bar hidden
[2023.11.01-01.07.40:715][  0]LogCollectionManager: Loaded 0 collections in 0.001799 seconds
[2023.11.01-01.07.40:740][  0]LogFileCache: Scanning file cache for directory 'D:/H_Hoon Source Tree/XR_ActionRPG/Step_1_ActionRPG/Saved/Collections/' took 0.01s
[2023.11.01-01.07.40:740][  0]LogFileCache: Scanning file cache for directory 'D:/H_Hoon Source Tree/XR_ActionRPG/Step_1_ActionRPG/Content/Developers/user/Collections/' took 0.00s
[2023.11.01-01.07.40:741][  0]LogFileCache: Scanning file cache for directory 'D:/H_Hoon Source Tree/XR_ActionRPG/Step_1_ActionRPG/Content/Collections/' took 0.00s
[2023.11.01-01.07.40:741][  0]LogCollectionManager: Rebuilt the GUID cache for 0 collections in 0.000000 seconds
[2023.11.01-01.07.40:749][  0]LogContentBrowser: Native class hierarchy populated in 0.0069 seconds. Added 2736 classes and 577 folders.
[2023.11.01-01.07.40:758][  0]LogContentBrowser: Native class hierarchy updated for 'WidgetCarousel' in 0.0002 seconds. Added 0 classes and 0 folders.
[2023.11.01-01.07.40:763][  0]LogPakFile: Registered encryption key '00000000000000000000000000000000': 0 pak files mounted, 0 remain pending
[2023.11.01-01.07.40:772][  0]LogPakFile: Registered encryption key '00000000000000000000000000000000': 0 pak files mounted, 0 remain pending
[2023.11.01-01.07.40:795][  0]LogPakFile: Registered encryption key '00000000000000000000000000000000': 0 pak files mounted, 0 remain pending
[2023.11.01-01.07.40:802][  0]LogPakFile: Registered encryption key '00000000000000000000000000000000': 0 pak files mounted, 0 remain pending
[2023.11.01-01.07.40:808][  0]LogPakFile: Registered encryption key '00000000000000000000000000000000': 0 pak files mounted, 0 remain pending
[2023.11.01-01.07.40:813][  0]LogPakFile: Registered encryption key '00000000000000000000000000000000': 0 pak files mounted, 0 remain pending
[2023.11.01-01.07.40:819][  0]LogPakFile: Registered encryption key '00000000000000000000000000000000': 0 pak files mounted, 0 remain pending
[2023.11.01-01.07.40:826][  0]LogPakFile: Registered encryption key '00000000000000000000000000000000': 0 pak files mounted, 0 remain pending
[2023.11.01-01.07.40:833][  0]LogPakFile: Registered encryption key '00000000000000000000000000000000': 0 pak files mounted, 0 remain pending
[2023.11.01-01.07.40:840][  0]LogPakFile: Registered encryption key '00000000000000000000000000000000': 0 pak files mounted, 0 remain pending
[2023.11.01-01.07.40:847][  0]LogPakFile: Registered encryption key '00000000000000000000000000000000': 0 pak files mounted, 0 remain pending
[2023.11.01-01.07.40:853][  0]LogPakFile: Registered encryption key '00000000000000000000000000000000': 0 pak files mounted, 0 remain pending
[2023.11.01-01.07.40:859][  0]LogPakFile: Registered encryption key '00000000000000000000000000000000': 0 pak files mounted, 0 remain pending
[2023.11.01-01.07.40:866][  0]LogPakFile: Registered encryption key '00000000000000000000000000000000': 0 pak files mounted, 0 remain pending
[2023.11.01-01.07.40:873][  0]LogPakFile: Registered encryption key '00000000000000000000000000000000': 0 pak files mounted, 0 remain pending
[2023.11.01-01.07.40:887][  0]LogPakFile: Registered encryption key '00000000000000000000000000000000': 0 pak files mounted, 0 remain pending
[2023.11.01-01.07.40:947][  0]LogPakFile: Registered encryption key '00000000000000000000000000000000': 0 pak files mounted, 0 remain pending
[2023.11.01-01.07.40:953][  0]LogPakFile: Registered encryption key '00000000000000000000000000000000': 0 pak files mounted, 0 remain pending
[2023.11.01-01.07.40:959][  0]LogPakFile: Registered encryption key '00000000000000000000000000000000': 0 pak files mounted, 0 remain pending
[2023.11.01-01.07.40:966][  0]LogPakFile: Registered encryption key '00000000000000000000000000000000': 0 pak files mounted, 0 remain pending
[2023.11.01-01.07.40:972][  0]LogPakFile: Registered encryption key '00000000000000000000000000000000': 0 pak files mounted, 0 remain pending
[2023.11.01-01.07.40:978][  0]LogPakFile: Registered encryption key '00000000000000000000000000000000': 0 pak files mounted, 0 remain pending
[2023.11.01-01.07.40:984][  0]LogPakFile: Registered encryption key '00000000000000000000000000000000': 0 pak files mounted, 0 remain pending
[2023.11.01-01.07.40:991][  0]LogPakFile: Registered encryption key '00000000000000000000000000000000': 0 pak files mounted, 0 remain pending
[2023.11.01-01.07.40:997][  0]LogPakFile: Registered encryption key '00000000000000000000000000000000': 0 pak files mounted, 0 remain pending
[2023.11.01-01.07.41:003][  0]LogPakFile: Registered encryption key '00000000000000000000000000000000': 0 pak files mounted, 0 remain pending
[2023.11.01-01.07.41:158][  0]LogContentBrowser: Native class hierarchy updated for 'AddContentDialog' in 0.0002 seconds. Added 0 classes and 0 folders.
[2023.11.01-01.07.41:169][  0]LogContentBrowser: Native class hierarchy updated for 'SceneOutliner' in 0.0002 seconds. Added 1 classes and 2 folders.
[2023.11.01-01.07.41:312][  0]LogContentBrowser: Native class hierarchy updated for 'HierarchicalLODOutliner' in 0.0002 seconds. Added 0 classes and 0 folders.
[2023.11.01-01.07.41:312][  0]LogLoad: (Engine Initialization) Total time: 11.74 seconds
[2023.11.01-01.07.41:312][  0]LogLoad: (Engine Initialization) Total Blueprint compile time: 0.00 seconds
[2023.11.01-01.07.41:353][  0]LogAssetRegistry: Asset discovery search completed in 6.9369 seconds
[2023.11.01-01.07.41:355][  0]LogStats: UGameplayCueManager::InitializeEditorObjectLibrary -  0.002 s
[2023.11.01-01.07.41:361][  0]LogCollectionManager: Rebuilt the object cache for 0 collections in 0.000000 seconds (found 0 objects)
[2023.11.01-01.07.41:361][  0]LogCollectionManager: Fixed up redirectors for 0 collections in 0.000042 seconds (updated 0 objects)
[2023.11.01-01.07.41:363][  0]LogContentStreaming: Texture pool size now 1000 MB
[2023.11.01-01.07.41:369][  0]LogSlate: Took 0.000186 seconds to synchronously load lazily loaded font '../../../Engine/Content/Slate/Fonts/Roboto-Regular.ttf' (155K)
[2023.11.01-01.07.41:371][  0]LogSlate: Took 0.001317 seconds to synchronously load lazily loaded font '../../../Engine/Content/Editor/Slate/Fonts/NanumGothic.ttf' (4243K)
[2023.11.01-01.07.41:374][  0]LogSlate: Took 0.001282 seconds to synchronously load lazily loaded font '../../../Engine/Content/Editor/Slate/Fonts/NanumGothicBold.ttf' (4188K)
[2023.11.01-01.07.41:374][  0]LogSlate: Took 0.000137 seconds to synchronously load lazily loaded font '../../../Engine/Content/Slate/Fonts/Roboto-Bold.ttf' (160K)
[2023.11.01-01.07.41:380][  0]LogSlate: Took 0.004697 seconds to synchronously load lazily loaded font '../../../Engine/Content/Editor/Slate/Fonts/FontAwesome.ttf' (139K)
[2023.11.01-01.07.41:486][  0]LogRenderer: Reallocating scene render targets to support 736x1264 Format 10 NumSamples 1 (Frame:1).
[2023.11.01-01.07.42:511][  4]LogSlate: FSceneViewport::OnFocusLost() reason 0
[2023.11.01-01.08.15:053][758]LogSlate: Took 0.006098 seconds to synchronously load lazily loaded font '../../../Engine/Content/Slate/Fonts/Roboto-Light.ttf' (167K)
[2023.11.01-01.08.15:075][758]LogMetaData: Removing '/Game/0_UserGame/UIs/WBP_GameMenuUI.WBP_GameMenuUI_C' ref from Metadata '/Game/0_UserGame/Blueprints/UI/WBP_GameMenuUI.PackageMetaData'
[2023.11.01-01.08.15:075][758]LogMetaData: Removing '/Game/0_UserGame/UIs/WBP_GameMenuUI.WBP_GameMenuUI:EventGraph.K2Node_Event_0' ref from Metadata '/Game/0_UserGame/Blueprints/UI/WBP_GameMenuUI.PackageMetaData'
[2023.11.01-01.08.15:075][758]LogMetaData: Removing '/Game/0_UserGame/UIs/WBP_GameMenuUI.WBP_GameMenuUI:EventGraph.K2Node_Event_1' ref from Metadata '/Game/0_UserGame/Blueprints/UI/WBP_GameMenuUI.PackageMetaData'
[2023.11.01-01.08.15:075][758]LogMetaData: Removing '/Game/0_UserGame/UIs/WBP_GameMenuUI.WBP_GameMenuUI:EventGraph.K2Node_Event_2' ref from Metadata '/Game/0_UserGame/Blueprints/UI/WBP_GameMenuUI.PackageMetaData'
[2023.11.01-01.08.15:075][758]LogMetaData: Removing '/Game/0_UserGame/UIs/WBP_GameMenuUI.SKEL_WBP_GameMenuUI_C:PreConstruct' ref from Metadata '/Game/0_UserGame/Blueprints/UI/WBP_GameMenuUI.PackageMetaData'
[2023.11.01-01.08.15:075][758]LogMetaData: Removing '/Game/0_UserGame/UIs/WBP_GameMenuUI.SKEL_WBP_GameMenuUI_C:Construct' ref from Metadata '/Game/0_UserGame/Blueprints/UI/WBP_GameMenuUI.PackageMetaData'
[2023.11.01-01.08.15:075][758]LogMetaData: Removing '/Game/0_UserGame/UIs/WBP_GameMenuUI.SKEL_WBP_GameMenuUI_C:Tick' ref from Metadata '/Game/0_UserGame/Blueprints/UI/WBP_GameMenuUI.PackageMetaData'
[2023.11.01-01.08.15:075][758]LogMetaData: Removing '/Game/0_UserGame/UIs/WBP_GameMenuUI.SKEL_WBP_GameMenuUI_C:WBP_PointsLable' ref from Metadata '/Game/0_UserGame/Blueprints/UI/WBP_GameMenuUI.PackageMetaData'
[2023.11.01-01.08.15:075][758]LogMetaData: Removing '/Game/0_UserGame/UIs/WBP_GameMenuUI.SKEL_WBP_GameMenuUI_C:WBP_InputLabel_C_7' ref from Metadata '/Game/0_UserGame/Blueprints/UI/WBP_GameMenuUI.PackageMetaData'
[2023.11.01-01.08.15:075][758]LogMetaData: Removing '/Game/0_UserGame/UIs/WBP_GameMenuUI.SKEL_WBP_GameMenuUI_C:WBP_InputLabel_C_6' ref from Metadata '/Game/0_UserGame/Blueprints/UI/WBP_GameMenuUI.PackageMetaData'
[2023.11.01-01.08.15:075][758]LogMetaData: Removing '/Game/0_UserGame/UIs/WBP_GameMenuUI.SKEL_WBP_GameMenuUI_C:WBP_InputLabel_C_5' ref from Metadata '/Game/0_UserGame/Blueprints/UI/WBP_GameMenuUI.PackageMetaData'
[2023.11.01-01.08.15:075][758]LogMetaData: Removing '/Game/0_UserGame/UIs/WBP_GameMenuUI.SKEL_WBP_GameMenuUI_C:WBP_InputButton_C_5' ref from Metadata '/Game/0_UserGame/Blueprints/UI/WBP_GameMenuUI.PackageMetaData'
[2023.11.01-01.08.15:075][758]LogMetaData: Removing '/Game/0_UserGame/UIs/WBP_GameMenuUI.SKEL_WBP_GameMenuUI_C:WBP_InputButton_C_4' ref from Metadata '/Game/0_UserGame/Blueprints/UI/WBP_GameMenuUI.PackageMetaData'
[2023.11.01-01.08.15:075][758]LogMetaData: Removing '/Game/0_UserGame/UIs/WBP_GameMenuUI.SKEL_WBP_GameMenuUI_C:WBP_InputButton_C_3' ref from Metadata '/Game/0_UserGame/Blueprints/UI/WBP_GameMenuUI.PackageMetaData'
[2023.11.01-01.08.15:075][758]LogMetaData: Removing '/Game/0_UserGame/UIs/WBP_GameMenuUI.SKEL_WBP_GameMenuUI_C:StatusBG' ref from Metadata '/Game/0_UserGame/Blueprints/UI/WBP_GameMenuUI.PackageMetaData'
[2023.11.01-01.08.15:075][758]LogMetaData: Removing '/Game/0_UserGame/UIs/WBP_GameMenuUI.SKEL_WBP_GameMenuUI_C:ProgressBar_149' ref from Metadata '/Game/0_UserGame/Blueprints/UI/WBP_GameMenuUI.PackageMetaData'
[2023.11.01-01.08.15:075][758]LogMetaData: Removing '/Game/0_UserGame/UIs/WBP_GameMenuUI.SKEL_WBP_GameMenuUI_C:ProgressBar_147' ref from Metadata '/Game/0_UserGame/Blueprints/UI/WBP_GameMenuUI.PackageMetaData'
[2023.11.01-01.08.15:075][758]LogMetaData: Removing '/Game/0_UserGame/UIs/WBP_GameMenuUI.SKEL_WBP_GameMenuUI_C:PotionBind' ref from Metadata '/Game/0_UserGame/Blueprints/UI/WBP_GameMenuUI.PackageMetaData'
[2023.11.01-01.08.15:075][758]LogMetaData: Removing '/Game/0_UserGame/UIs/WBP_GameMenuUI.SKEL_WBP_GameMenuUI_C:HUDInv' ref from Metadata '/Game/0_UserGame/Blueprints/UI/WBP_GameMenuUI.PackageMetaData'
[2023.11.01-01.08.15:075][758]LogMetaData: Removing '/Game/0_UserGame/UIs/WBP_GameMenuUI.SKEL_WBP_GameMenuUI_C:ButtonPotion' ref from Metadata '/Game/0_UserGame/Blueprints/UI/WBP_GameMenuUI.PackageMetaData'
[2023.11.01-01.08.15:075][758]LogMetaData: Removing '/Game/0_UserGame/UIs/WBP_GameMenuUI.SKEL_WBP_GameMenuUI_C' ref from Metadata '/Game/0_UserGame/Blueprints/UI/WBP_GameMenuUI.PackageMetaData'
[2023.11.01-01.08.15:075][758]LogMetaData: Removing '/Game/0_UserGame/UIs/WBP_GameMenuUI.WBP_GameMenuUI_C:WBP_PointsLable' ref from Metadata '/Game/0_UserGame/Blueprints/UI/WBP_GameMenuUI.PackageMetaData'
[2023.11.01-01.08.15:075][758]LogMetaData: Removing '/Game/0_UserGame/UIs/WBP_GameMenuUI.WBP_GameMenuUI_C:WBP_InputLabel_C_7' ref from Metadata '/Game/0_UserGame/Blueprints/UI/WBP_GameMenuUI.PackageMetaData'
[2023.11.01-01.08.15:075][758]LogMetaData: Removing '/Game/0_UserGame/UIs/WBP_GameMenuUI.WBP_GameMenuUI_C:WBP_InputLabel_C_6' ref from Metadata '/Game/0_UserGame/Blueprints/UI/WBP_GameMenuUI.PackageMetaData'
[2023.11.01-01.08.15:075][758]LogMetaData: Removing '/Game/0_UserGame/UIs/WBP_GameMenuUI.WBP_GameMenuUI_C:WBP_InputLabel_C_5' ref from Metadata '/Game/0_UserGame/Blueprints/UI/WBP_GameMenuUI.PackageMetaData'
[2023.11.01-01.08.15:075][758]LogMetaData: Removing '/Game/0_UserGame/UIs/WBP_GameMenuUI.WBP_GameMenuUI_C:WBP_InputButton_C_5' ref from Metadata '/Game/0_UserGame/Blueprints/UI/WBP_GameMenuUI.PackageMetaData'
[2023.11.01-01.08.15:075][758]LogMetaData: Removing '/Game/0_UserGame/UIs/WBP_GameMenuUI.WBP_GameMenuUI_C:WBP_InputButton_C_4' ref from Metadata '/Game/0_UserGame/Blueprints/UI/WBP_GameMenuUI.PackageMetaData'
[2023.11.01-01.08.15:075][758]LogMetaData: Removing '/Game/0_UserGame/UIs/WBP_GameMenuUI.WBP_GameMenuUI_C:WBP_InputButton_C_3' ref from Metadata '/Game/0_UserGame/Blueprints/UI/WBP_GameMenuUI.PackageMetaData'
[2023.11.01-01.08.15:075][758]LogMetaData: Removing '/Game/0_UserGame/UIs/WBP_GameMenuUI.WBP_GameMenuUI_C:StatusBG' ref from Metadata '/Game/0_UserGame/Blueprints/UI/WBP_GameMenuUI.PackageMetaData'
[2023.11.01-01.08.15:075][758]LogMetaData: Removing '/Game/0_UserGame/UIs/WBP_GameMenuUI.WBP_GameMenuUI_C:ProgressBar_149' ref from Metadata '/Game/0_UserGame/Blueprints/UI/WBP_GameMenuUI.PackageMetaData'
[2023.11.01-01.08.15:075][758]LogMetaData: Removing '/Game/0_UserGame/UIs/WBP_GameMenuUI.WBP_GameMenuUI_C:ProgressBar_147' ref from Metadata '/Game/0_UserGame/Blueprints/UI/WBP_GameMenuUI.PackageMetaData'
[2023.11.01-01.08.15:075][758]LogMetaData: Removing '/Game/0_UserGame/UIs/WBP_GameMenuUI.WBP_GameMenuUI_C:PotionBind' ref from Metadata '/Game/0_UserGame/Blueprints/UI/WBP_GameMenuUI.PackageMetaData'
[2023.11.01-01.08.15:075][758]LogMetaData: Removing '/Game/0_UserGame/UIs/WBP_GameMenuUI.WBP_GameMenuUI_C:HUDInv' ref from Metadata '/Game/0_UserGame/Blueprints/UI/WBP_GameMenuUI.PackageMetaData'
[2023.11.01-01.08.15:075][758]LogMetaData: Removing '/Game/0_UserGame/UIs/WBP_GameMenuUI.WBP_GameMenuUI_C:ButtonPotion' ref from Metadata '/Game/0_UserGame/Blueprints/UI/WBP_GameMenuUI.PackageMetaData'
[2023.11.01-01.08.15:080][758]LogMetaData: Removing '/Game/0_UserGame/UIs/WBP_InputButton.WBP_InputButton_C' ref from Metadata '/Game/0_UserGame/Blueprints/UI/WBP_InputButton.PackageMetaData'
[2023.11.01-01.08.15:080][758]LogMetaData: Removing '/Game/0_UserGame/UIs/WBP_InputButton.SKEL_WBP_InputButton_C:PreConstruct' ref from Metadata '/Game/0_UserGame/Blueprints/UI/WBP_InputButton.PackageMetaData'
[2023.11.01-01.08.15:080][758]LogMetaData: Removing '/Game/0_UserGame/UIs/WBP_InputButton.SKEL_WBP_InputButton_C:IsConsumable' ref from Metadata '/Game/0_UserGame/Blueprints/UI/WBP_InputButton.PackageMetaData'
[2023.11.01-01.08.15:080][758]LogMetaData: Removing '/Game/0_UserGame/UIs/WBP_InputButton.SKEL_WBP_InputButton_C:IconPadding' ref from Metadata '/Game/0_UserGame/Blueprints/UI/WBP_InputButton.PackageMetaData'
[2023.11.01-01.08.15:080][758]LogMetaData: Removing '/Game/0_UserGame/UIs/WBP_InputButton.SKEL_WBP_InputButton_C:IconBrush' ref from Metadata '/Game/0_UserGame/Blueprints/UI/WBP_InputButton.PackageMetaData'
[2023.11.01-01.08.15:080][758]LogMetaData: Removing '/Game/0_UserGame/UIs/WBP_InputButton.SKEL_WBP_InputButton_C:DisableBrush' ref from Metadata '/Game/0_UserGame/Blueprints/UI/WBP_InputButton.PackageMetaData'
[2023.11.01-01.08.15:080][758]LogMetaData: Removing '/Game/0_UserGame/UIs/WBP_InputButton.SKEL_WBP_InputButton_C:IsSkill' ref from Metadata '/Game/0_UserGame/Blueprints/UI/WBP_InputButton.PackageMetaData'
[2023.11.01-01.08.15:080][758]LogMetaData: Removing '/Game/0_UserGame/UIs/WBP_InputButton.SKEL_WBP_InputButton_C:SkillReadyImage' ref from Metadata '/Game/0_UserGame/Blueprints/UI/WBP_InputButton.PackageMetaData'
[2023.11.01-01.08.15:080][758]LogMetaData: Removing '/Game/0_UserGame/UIs/WBP_InputButton.SKEL_WBP_InputButton_C:SkillColldownbar' ref from Metadata '/Game/0_UserGame/Blueprints/UI/WBP_InputButton.PackageMetaData'
[2023.11.01-01.08.15:080][758]LogMetaData: Removing '/Game/0_UserGame/UIs/WBP_InputButton.SKEL_WBP_InputButton_C:InputButton' ref from Metadata '/Game/0_UserGame/Blueprints/UI/WBP_InputButton.PackageMetaData'
[2023.11.01-01.08.15:080][758]LogMetaData: Removing '/Game/0_UserGame/UIs/WBP_InputButton.SKEL_WBP_InputButton_C:ConsumablePanel' ref from Metadata '/Game/0_UserGame/Blueprints/UI/WBP_InputButton.PackageMetaData'
[2023.11.01-01.08.15:080][758]LogMetaData: Removing '/Game/0_UserGame/UIs/WBP_InputButton.SKEL_WBP_InputButton_C:ButtonIcon' ref from Metadata '/Game/0_UserGame/Blueprints/UI/WBP_InputButton.PackageMetaData'
[2023.11.01-01.08.15:080][758]LogMetaData: Removing '/Game/0_UserGame/UIs/WBP_InputButton.SKEL_WBP_InputButton_C:BackGround' ref from Metadata '/Game/0_UserGame/Blueprints/UI/WBP_InputButton.PackageMetaData'
[2023.11.01-01.08.15:080][758]LogMetaData: Removing '/Game/0_UserGame/UIs/WBP_InputButton.SKEL_WBP_InputButton_C' ref from Metadata '/Game/0_UserGame/Blueprints/UI/WBP_InputButton.PackageMetaData'
[2023.11.01-01.08.15:080][758]LogMetaData: Removing '/Game/0_UserGame/UIs/WBP_InputButton.WBP_InputButton_C:IsConsumable' ref from Metadata '/Game/0_UserGame/Blueprints/UI/WBP_InputButton.PackageMetaData'
[2023.11.01-01.08.15:080][758]LogMetaData: Removing '/Game/0_UserGame/UIs/WBP_InputButton.WBP_InputButton_C:IconPadding' ref from Metadata '/Game/0_UserGame/Blueprints/UI/WBP_InputButton.PackageMetaData'
[2023.11.01-01.08.15:080][758]LogMetaData: Removing '/Game/0_UserGame/UIs/WBP_InputButton.WBP_InputButton_C:IconBrush' ref from Metadata '/Game/0_UserGame/Blueprints/UI/WBP_InputButton.PackageMetaData'
[2023.11.01-01.08.15:080][758]LogMetaData: Removing '/Game/0_UserGame/UIs/WBP_InputButton.WBP_InputButton_C:DisableBrush' ref from Metadata '/Game/0_UserGame/Blueprints/UI/WBP_InputButton.PackageMetaData'
[2023.11.01-01.08.15:080][758]LogMetaData: Removing '/Game/0_UserGame/UIs/WBP_InputButton.WBP_InputButton_C:IsSkill' ref from Metadata '/Game/0_UserGame/Blueprints/UI/WBP_InputButton.PackageMetaData'
[2023.11.01-01.08.15:080][758]LogMetaData: Removing '/Game/0_UserGame/UIs/WBP_InputButton.WBP_InputButton_C:SkillReadyImage' ref from Metadata '/Game/0_UserGame/Blueprints/UI/WBP_InputButton.PackageMetaData'
[2023.11.01-01.08.15:080][758]LogMetaData: Removing '/Game/0_UserGame/UIs/WBP_InputButton.WBP_InputButton_C:SkillColldownbar' ref from Metadata '/Game/0_UserGame/Blueprints/UI/WBP_InputButton.PackageMetaData'
[2023.11.01-01.08.15:080][758]LogMetaData: Removing '/Game/0_UserGame/UIs/WBP_InputButton.WBP_InputButton_C:InputButton' ref from Metadata '/Game/0_UserGame/Blueprints/UI/WBP_InputButton.PackageMetaData'
[2023.11.01-01.08.15:080][758]LogMetaData: Removing '/Game/0_UserGame/UIs/WBP_InputButton.WBP_InputButton_C:ConsumablePanel' ref from Metadata '/Game/0_UserGame/Blueprints/UI/WBP_InputButton.PackageMetaData'
[2023.11.01-01.08.15:080][758]LogMetaData: Removing '/Game/0_UserGame/UIs/WBP_InputButton.WBP_InputButton_C:ButtonIcon' ref from Metadata '/Game/0_UserGame/Blueprints/UI/WBP_InputButton.PackageMetaData'
[2023.11.01-01.08.15:080][758]LogMetaData: Removing '/Game/0_UserGame/UIs/WBP_InputButton.WBP_InputButton_C:BackGround' ref from Metadata '/Game/0_UserGame/Blueprints/UI/WBP_InputButton.PackageMetaData'
[2023.11.01-01.08.15:080][758]LogMetaData: Removing '/Game/0_UserGame/UIs/WBP_InputButton.WBP_InputButton_C:PreConstruct' ref from Metadata '/Game/0_UserGame/Blueprints/UI/WBP_InputButton.PackageMetaData'
[2023.11.01-01.08.15:083][758]LogMetaData: Removing '/Game/0_UserGame/UIs/WBP_InputLabel.WBP_InputLabel_C' ref from Metadata '/Game/0_UserGame/Blueprints/UI/WBP_InputLabel.PackageMetaData'
[2023.11.01-01.08.15:083][758]LogMetaData: Removing '/Game/0_UserGame/UIs/WBP_InputLabel.WBP_InputLabel:EventGraph.K2Node_Event_0' ref from Metadata '/Game/0_UserGame/Blueprints/UI/WBP_InputLabel.PackageMetaData'
[2023.11.01-01.08.15:083][758]LogMetaData: Removing '/Game/0_UserGame/UIs/WBP_InputLabel.SKEL_WBP_InputLabel_C:PreConstruct' ref from Metadata '/Game/0_UserGame/Blueprints/UI/WBP_InputLabel.PackageMetaData'
[2023.11.01-01.08.15:083][758]LogMetaData: Removing '/Game/0_UserGame/UIs/WBP_InputLabel.SKEL_WBP_InputLabel_C:Text' ref from Metadata '/Game/0_UserGame/Blueprints/UI/WBP_InputLabel.PackageMetaData'
[2023.11.01-01.08.15:083][758]LogMetaData: Removing '/Game/0_UserGame/UIs/WBP_InputLabel.SKEL_WBP_InputLabel_C:Image' ref from Metadata '/Game/0_UserGame/Blueprints/UI/WBP_InputLabel.PackageMetaData'
[2023.11.01-01.08.15:083][758]LogMetaData: Removing '/Game/0_UserGame/UIs/WBP_InputLabel.SKEL_WBP_InputLabel_C:TextBlock_83' ref from Metadata '/Game/0_UserGame/Blueprints/UI/WBP_InputLabel.PackageMetaData'
[2023.11.01-01.08.15:083][758]LogMetaData: Removing '/Game/0_UserGame/UIs/WBP_InputLabel.SKEL_WBP_InputLabel_C:BGImage' ref from Metadata '/Game/0_UserGame/Blueprints/UI/WBP_InputLabel.PackageMetaData'
[2023.11.01-01.08.15:083][758]LogMetaData: Removing '/Game/0_UserGame/UIs/WBP_InputLabel.SKEL_WBP_InputLabel_C' ref from Metadata '/Game/0_UserGame/Blueprints/UI/WBP_InputLabel.PackageMetaData'
[2023.11.01-01.08.15:083][758]LogMetaData: Removing '/Game/0_UserGame/UIs/WBP_InputLabel.WBP_InputLabel_C:Text' ref from Metadata '/Game/0_UserGame/Blueprints/UI/WBP_InputLabel.PackageMetaData'
[2023.11.01-01.08.15:083][758]LogMetaData: Removing '/Game/0_UserGame/UIs/WBP_InputLabel.WBP_InputLabel_C:Image' ref from Metadata '/Game/0_UserGame/Blueprints/UI/WBP_InputLabel.PackageMetaData'
[2023.11.01-01.08.15:083][758]LogMetaData: Removing '/Game/0_UserGame/UIs/WBP_InputLabel.WBP_InputLabel_C:TextBlock_83' ref from Metadata '/Game/0_UserGame/Blueprints/UI/WBP_InputLabel.PackageMetaData'
[2023.11.01-01.08.15:083][758]LogMetaData: Removing '/Game/0_UserGame/UIs/WBP_InputLabel.WBP_InputLabel_C:BGImage' ref from Metadata '/Game/0_UserGame/Blueprints/UI/WBP_InputLabel.PackageMetaData'
[2023.11.01-01.08.15:083][758]LogMetaData: Removing '/Game/0_UserGame/UIs/WBP_InputLabel.WBP_InputLabel_C:PreConstruct' ref from Metadata '/Game/0_UserGame/Blueprints/UI/WBP_InputLabel.PackageMetaData'
[2023.11.01-01.08.15:086][758]LogMetaData: Removing '/Game/0_UserGame/UIs/WBP_MainMenuUI.WBP_MainMenuUI_C' ref from Metadata '/Game/0_UserGame/Blueprints/UI/WBP_MainMenuUI.PackageMetaData'
[2023.11.01-01.08.15:087][758]LogMetaData: Removing '/Game/0_UserGame/UIs/WBP_MainMenuUI.WBP_MainMenuUI:EventGraph.K2Node_Event_1' ref from Metadata '/Game/0_UserGame/Blueprints/UI/WBP_MainMenuUI.PackageMetaData'
[2023.11.01-01.08.15:087][758]LogMetaData: Removing '/Game/0_UserGame/UIs/WBP_MainMenuUI.SKEL_WBP_MainMenuUI_C:Construct' ref from Metadata '/Game/0_UserGame/Blueprints/UI/WBP_MainMenuUI.PackageMetaData'
[2023.11.01-01.08.15:087][758]LogMetaData: Removing '/Game/0_UserGame/UIs/WBP_MainMenuUI.SKEL_WBP_MainMenuUI_C:BndEvt__StartGameButton_K2Node_ComponentBoundEvent_0_OnButtonClickedEvent__DelegateSignature' ref from Metadata '/Game/0_UserGame/Blueprints/UI/WBP_MainMenuUI.PackageMetaData'
[2023.11.01-01.08.15:087][758]LogMetaData: Removing '/Game/0_UserGame/UIs/WBP_MainMenuUI.SKEL_WBP_MainMenuUI_C:StartGameButton' ref from Metadata '/Game/0_UserGame/Blueprints/UI/WBP_MainMenuUI.PackageMetaData'
[2023.11.01-01.08.15:087][758]LogMetaData: Removing '/Game/0_UserGame/UIs/WBP_MainMenuUI.SKEL_WBP_MainMenuUI_C:QuitButton' ref from Metadata '/Game/0_UserGame/Blueprints/UI/WBP_MainMenuUI.PackageMetaData'
[2023.11.01-01.08.15:087][758]LogMetaData: Removing '/Game/0_UserGame/UIs/WBP_MainMenuUI.SKEL_WBP_MainMenuUI_C:OptionButton' ref from Metadata '/Game/0_UserGame/Blueprints/UI/WBP_MainMenuUI.PackageMetaData'
[2023.11.01-01.08.15:087][758]LogMetaData: Removing '/Game/0_UserGame/UIs/WBP_MainMenuUI.SKEL_WBP_MainMenuUI_C:GameLogo' ref from Metadata '/Game/0_UserGame/Blueprints/UI/WBP_MainMenuUI.PackageMetaData'
[2023.11.01-01.08.15:087][758]LogMetaData: Removing '/Game/0_UserGame/UIs/WBP_MainMenuUI.SKEL_WBP_MainMenuUI_C:TitleAnimation' ref from Metadata '/Game/0_UserGame/Blueprints/UI/WBP_MainMenuUI.PackageMetaData'
[2023.11.01-01.08.15:087][758]LogMetaData: Removing '/Game/0_UserGame/UIs/WBP_MainMenuUI.SKEL_WBP_MainMenuUI_C' ref from Metadata '/Game/0_UserGame/Blueprints/UI/WBP_MainMenuUI.PackageMetaData'
[2023.11.01-01.08.15:087][758]LogMetaData: Removing '/Game/0_UserGame/UIs/WBP_MainMenuUI.WBP_MainMenuUI_C:StartGameButton' ref from Metadata '/Game/0_UserGame/Blueprints/UI/WBP_MainMenuUI.PackageMetaData'
[2023.11.01-01.08.15:087][758]LogMetaData: Removing '/Game/0_UserGame/UIs/WBP_MainMenuUI.WBP_MainMenuUI_C:QuitButton' ref from Metadata '/Game/0_UserGame/Blueprints/UI/WBP_MainMenuUI.PackageMetaData'
[2023.11.01-01.08.15:087][758]LogMetaData: Removing '/Game/0_UserGame/UIs/WBP_MainMenuUI.WBP_MainMenuUI_C:OptionButton' ref from Metadata '/Game/0_UserGame/Blueprints/UI/WBP_MainMenuUI.PackageMetaData'
[2023.11.01-01.08.15:087][758]LogMetaData: Removing '/Game/0_UserGame/UIs/WBP_MainMenuUI.WBP_MainMenuUI_C:GameLogo' ref from Metadata '/Game/0_UserGame/Blueprints/UI/WBP_MainMenuUI.PackageMetaData'
[2023.11.01-01.08.15:087][758]LogMetaData: Removing '/Game/0_UserGame/UIs/WBP_MainMenuUI.WBP_MainMenuUI_C:TitleAnimation' ref from Metadata '/Game/0_UserGame/Blueprints/UI/WBP_MainMenuUI.PackageMetaData'
[2023.11.01-01.08.15:087][758]LogMetaData: Removing '/Game/0_UserGame/UIs/WBP_MainMenuUI.WBP_MainMenuUI_C:Construct' ref from Metadata '/Game/0_UserGame/Blueprints/UI/WBP_MainMenuUI.PackageMetaData'
[2023.11.01-01.08.15:091][758]LogMetaData: Removing '/Game/0_UserGame/UIs/WBP_PointsLable.WBP_PointsLable_C' ref from Metadata '/Game/0_UserGame/Blueprints/UI/WBP_PointsLable.PackageMetaData'
[2023.11.01-01.08.15:091][758]LogMetaData: Removing '/Game/0_UserGame/UIs/WBP_PointsLable.WBP_PointsLable:EventGraph.K2Node_Event_0' ref from Metadata '/Game/0_UserGame/Blueprints/UI/WBP_PointsLable.PackageMetaData'
[2023.11.01-01.08.15:091][758]LogMetaData: Removing '/Game/0_UserGame/UIs/WBP_PointsLable.WBP_PointsLable:EventGraph.K2Node_Event_1' ref from Metadata '/Game/0_UserGame/Blueprints/UI/WBP_PointsLable.PackageMetaData'
[2023.11.01-01.08.15:091][758]LogMetaData: Removing '/Game/0_UserGame/UIs/WBP_PointsLable.WBP_PointsLable:EventGraph.K2Node_Event_2' ref from Metadata '/Game/0_UserGame/Blueprints/UI/WBP_PointsLable.PackageMetaData'
[2023.11.01-01.08.15:091][758]LogMetaData: Removing '/Game/0_UserGame/UIs/WBP_PointsLable.SKEL_WBP_PointsLable_C:PreConstruct' ref from Metadata '/Game/0_UserGame/Blueprints/UI/WBP_PointsLable.PackageMetaData'
[2023.11.01-01.08.15:091][758]LogMetaData: Removing '/Game/0_UserGame/UIs/WBP_PointsLable.SKEL_WBP_PointsLable_C:Construct' ref from Metadata '/Game/0_UserGame/Blueprints/UI/WBP_PointsLable.PackageMetaData'
[2023.11.01-01.08.15:091][758]LogMetaData: Removing '/Game/0_UserGame/UIs/WBP_PointsLable.SKEL_WBP_PointsLable_C:Tick' ref from Metadata '/Game/0_UserGame/Blueprints/UI/WBP_PointsLable.PackageMetaData'
[2023.11.01-01.08.15:091][758]LogMetaData: Removing '/Game/0_UserGame/UIs/WBP_PointsLable.SKEL_WBP_PointsLable_C:SoulIcon' ref from Metadata '/Game/0_UserGame/Blueprints/UI/WBP_PointsLable.PackageMetaData'
[2023.11.01-01.08.15:091][758]LogMetaData: Removing '/Game/0_UserGame/UIs/WBP_PointsLable.SKEL_WBP_PointsLable_C:Image_143' ref from Metadata '/Game/0_UserGame/Blueprints/UI/WBP_PointsLable.PackageMetaData'
[2023.11.01-01.08.15:091][758]LogMetaData: Removing '/Game/0_UserGame/UIs/WBP_PointsLable.SKEL_WBP_PointsLable_C:AddSoulsButton' ref from Metadata '/Game/0_UserGame/Blueprints/UI/WBP_PointsLable.PackageMetaData'
[2023.11.01-01.08.15:091][758]LogMetaData: Removing '/Game/0_UserGame/UIs/WBP_PointsLable.SKEL_WBP_PointsLable_C' ref from Metadata '/Game/0_UserGame/Blueprints/UI/WBP_PointsLable.PackageMetaData'
[2023.11.01-01.08.15:091][758]LogMetaData: Removing '/Game/0_UserGame/UIs/WBP_PointsLable.WBP_PointsLable_C:SoulIcon' ref from Metadata '/Game/0_UserGame/Blueprints/UI/WBP_PointsLable.PackageMetaData'
[2023.11.01-01.08.15:091][758]LogMetaData: Removing '/Game/0_UserGame/UIs/WBP_PointsLable.WBP_PointsLable_C:Image_143' ref from Metadata '/Game/0_UserGame/Blueprints/UI/WBP_PointsLable.PackageMetaData'
[2023.11.01-01.08.15:091][758]LogMetaData: Removing '/Game/0_UserGame/UIs/WBP_PointsLable.WBP_PointsLable_C:AddSoulsButton' ref from Metadata '/Game/0_UserGame/Blueprints/UI/WBP_PointsLable.PackageMetaData'
[2023.11.01-01.08.15:104][758]Cmd: OBJ SAVEPACKAGE PACKAGE="/Game/0_UserGame/UIs/WBP_GameMenuUI" FILE="D:/H_Hoon Source Tree/XR_ActionRPG/Step_1_ActionRPG/Content/0_UserGame/UIs/WBP_GameMenuUI.uasset" SILENT=true
[2023.11.01-01.08.15:130][758]LogSavePackage: Moving 'D:/H_Hoon Source Tree/XR_ActionRPG/Step_1_ActionRPG/Saved/WBP_GameMenuUI2AEA2BA044B23239D5C5DB8447EE64A1.tmp' to 'D:/H_Hoon Source Tree/XR_ActionRPG/Step_1_ActionRPG/Content/0_UserGame/UIs/WBP_GameMenuUI.uasset'
[2023.11.01-01.08.15:136][758]Cmd: OBJ SAVEPACKAGE PACKAGE="/Game/0_UserGame/Blueprints/UI/WBP_GameMenuUI" FILE="D:/H_Hoon Source Tree/XR_ActionRPG/Step_1_ActionRPG/Content/0_UserGame/Blueprints/UI/WBP_GameMenuUI.uasset" SILENT=true
[2023.11.01-01.08.15:240][758]LogSavePackage: Moving 'D:/H_Hoon Source Tree/XR_ActionRPG/Step_1_ActionRPG/Saved/WBP_GameMenuUI23052E414A32646968DC2AA834FDB8C8.tmp' to 'D:/H_Hoon Source Tree/XR_ActionRPG/Step_1_ActionRPG/Content/0_UserGame/Blueprints/UI/WBP_GameMenuUI.uasset'
[2023.11.01-01.08.15:245][758]Cmd: OBJ SAVEPACKAGE PACKAGE="/Game/0_UserGame/UIs/WBP_InputButton" FILE="D:/H_Hoon Source Tree/XR_ActionRPG/Step_1_ActionRPG/Content/0_UserGame/UIs/WBP_InputButton.uasset" SILENT=true
[2023.11.01-01.08.15:269][758]LogSavePackage: Moving 'D:/H_Hoon Source Tree/XR_ActionRPG/Step_1_ActionRPG/Saved/WBP_InputButton5894BB40400A280C63BC95952090B6B6.tmp' to 'D:/H_Hoon Source Tree/XR_ActionRPG/Step_1_ActionRPG/Content/0_UserGame/UIs/WBP_InputButton.uasset'
[2023.11.01-01.08.15:272][758]Cmd: OBJ SAVEPACKAGE PACKAGE="/Game/0_UserGame/UIs/WBP_InputLabel" FILE="D:/H_Hoon Source Tree/XR_ActionRPG/Step_1_ActionRPG/Content/0_UserGame/UIs/WBP_InputLabel.uasset" SILENT=true
[2023.11.01-01.08.15:282][758]LogSavePackage: Moving 'D:/H_Hoon Source Tree/XR_ActionRPG/Step_1_ActionRPG/Saved/WBP_InputLabel36D30FE14B585A2EC67FE1B539C96B3E.tmp' to 'D:/H_Hoon Source Tree/XR_ActionRPG/Step_1_ActionRPG/Content/0_UserGame/UIs/WBP_InputLabel.uasset'
[2023.11.01-01.08.15:287][758]Cmd: OBJ SAVEPACKAGE PACKAGE="/Game/0_UserGame/UIs/WBP_MainMenuUI" FILE="D:/H_Hoon Source Tree/XR_ActionRPG/Step_1_ActionRPG/Content/0_UserGame/UIs/WBP_MainMenuUI.uasset" SILENT=true
[2023.11.01-01.08.15:322][758]LogSavePackage: Moving 'D:/H_Hoon Source Tree/XR_ActionRPG/Step_1_ActionRPG/Saved/WBP_MainMenuUIAB599F9C46FC0AA3CAA55F8F509F298D.tmp' to 'D:/H_Hoon Source Tree/XR_ActionRPG/Step_1_ActionRPG/Content/0_UserGame/UIs/WBP_MainMenuUI.uasset'
[2023.11.01-01.08.15:325][758]Cmd: OBJ SAVEPACKAGE PACKAGE="/Game/0_UserGame/UIs/WBP_PointsLable" FILE="D:/H_Hoon Source Tree/XR_ActionRPG/Step_1_ActionRPG/Content/0_UserGame/UIs/WBP_PointsLable.uasset" SILENT=true
[2023.11.01-01.08.15:337][758]LogSavePackage: Moving 'D:/H_Hoon Source Tree/XR_ActionRPG/Step_1_ActionRPG/Saved/WBP_PointsLable0EA06A2F4BCDEA5B98FC06977E0F6353.tmp' to 'D:/H_Hoon Source Tree/XR_ActionRPG/Step_1_ActionRPG/Content/0_UserGame/UIs/WBP_PointsLable.uasset'
[2023.11.01-01.08.15:501][758]LogUObjectHash: Compacting FUObjectHashTables data took   0.50ms
[2023.11.01-01.08.15:522][758]LogUObjectHash: Compacting FUObjectHashTables data took   0.51ms
[2023.11.01-01.08.15:545][758]LogUObjectHash: Compacting FUObjectHashTables data took   0.51ms
[2023.11.01-01.08.15:569][758]LogUObjectHash: Compacting FUObjectHashTables data took   0.52ms
[2023.11.01-01.08.15:595][758]LogUObjectHash: Compacting FUObjectHashTables data took   1.20ms
[2023.11.01-01.08.15:618][758]LogUObjectHash: Compacting FUObjectHashTables data took   0.51ms
[2023.11.01-01.08.15:642][758]LogSavePackage: Moving 'D:/H_Hoon Source Tree/XR_ActionRPG/Step_1_ActionRPG/Saved/BP_MenuLevelGameMode1AD588CF432C6FC3740099B4CA47E0A1.tmp' to 'D:/H_Hoon Source Tree/XR_ActionRPG/Step_1_ActionRPG/Content/0_UserGame/Blueprints/BP_MenuLevelGameMode.uasset'
[2023.11.01-01.08.20:092][273]LogUObjectHash: Compacting FUObjectHashTables data took   0.51ms
[2023.11.01-01.08.20:396][273]LogSlate: Took 0.000168 seconds to synchronously load lazily loaded font '../../../Engine/Content/Slate/Fonts/Roboto-Light.ttf' (167K)
[2023.11.01-01.08.22:641][273]LogSlate: Window 'Delete Assets' being destroyed
[2023.11.01-01.09.07:110][534]LogConsoleManager: Warning: Console object named 'ActorComponents.Enable' already exists but is being registered again, but we weren't expected it to be! (FConsoleManager::AddConsoleObject)
[2023.11.01-01.09.22:489][819]LogSlate: Window '애셋 다른 이름으로 저장' being destroyed
[2023.11.01-01.09.22:539][819]LogAssetEditorManager: Opening Asset editor for LevelSequence /Game/0_UserGame/Cinematics/MasterScene.MasterScene
[2023.11.01-01.09.28:131][456]LogSlate: Took 0.006287 seconds to synchronously load lazily loaded font '../../../Engine/Content/Slate/Fonts/Roboto-Italic.ttf' (157K)
[2023.11.01-01.09.31:856][897]LogSlate: Window '시퀀서' being destroyed
[2023.11.01-01.09.31:859][897]LogSlate: Window '시퀀서' being destroyed
[2023.11.01-01.09.33:415][ 78]LogUObjectHash: Compacting FUObjectHashTables data took   1.78ms
[2023.11.01-01.09.33:518][ 78]LogSavePackage: Moving 'D:/H_Hoon Source Tree/XR_ActionRPG/Step_1_ActionRPG/Saved/MenuLevelF412F3224D6E38972BE05BB54AF09597.tmp' to 'D:/H_Hoon Source Tree/XR_ActionRPG/Step_1_ActionRPG/Content/0_UserGame/Maps/MenuLevel.umap'
[2023.11.01-01.09.43:456][ 42]LogAIModule: Creating AISystem for world GameLevel
[2023.11.01-01.09.43:473][ 42]LogAssetEditorManager: Opening Asset editor for World /Game/0_UserGame/Maps/GameLevel.GameLevel
[2023.11.01-01.09.43:500][ 42]LogUObjectHash: Compacting FUObjectHashTables data took   1.76ms
[2023.11.01-01.09.45:160][ 42]LogSlate: Window '콘텐츠 저장' being destroyed
[2023.11.01-01.09.45:166][ 42]Cmd: OBJ SAVEPACKAGE PACKAGE="/Game/0_UserGame/Cinematics/MasterScene" FILE="D:/H_Hoon Source Tree/XR_ActionRPG/Step_1_ActionRPG/Content/0_UserGame/Cinematics/MasterScene.uasset" SILENT=true
[2023.11.01-01.09.45:170][ 42]LogSavePackage: Moving 'D:/H_Hoon Source Tree/XR_ActionRPG/Step_1_ActionRPG/Saved/MasterScene8DDE5625497B14152118BC884BF42510.tmp' to 'D:/H_Hoon Source Tree/XR_ActionRPG/Step_1_ActionRPG/Content/0_UserGame/Cinematics/MasterScene.uasset'
[2023.11.01-01.09.45:171][ 42]Cmd: MAP LOAD FILE="D:/H_Hoon Source Tree/XR_ActionRPG/Step_1_ActionRPG/Content/0_UserGame/Maps/GameLevel.umap" TEMPLATE=0 SHOWPROGRESS=1 FEATURELEVEL=3
[2023.11.01-01.09.45:171][ 42]LightingResults: New page: 라이팅 빌드
[2023.11.01-01.09.45:172][ 42]LoadErrors: New page: 맵 로드중: GameLevel.umap
[2023.11.01-01.09.45:173][ 42]MapCheck: New page: 맵 체크
[2023.11.01-01.09.45:173][ 42]LightingResults: New page: 라이팅 빌드
[2023.11.01-01.09.45:200][ 42]LogUObjectHash: Compacting FUObjectHashTables data took   2.67ms
[2023.11.01-01.09.45:223][ 42]LogStreaming: Display: ULevelStreaming::RequestLevel(/Game/Maps/ActionRPG_Dungeon02_Lights) is flushing async loading
[2023.11.01-01.09.45:223][ 42]LogStreaming: Display: Flushing async loaders.
[2023.11.01-01.09.45:435][ 42]LogStreaming: Display: ULevelStreaming::RequestLevel(/Game/Maps/ActionRPG_Dungeon02_Asset) is flushing async loading
[2023.11.01-01.09.47:893][ 42]LogEditorServer: Finished looking for orphan Actors (0.000 secs)
[2023.11.01-01.09.47:917][ 42]LogUObjectHash: Compacting FUObjectHashTables data took   1.35ms
[2023.11.01-01.09.47:940][ 42]Cmd: MAP CHECKDEP NOCLEARLOG
[2023.11.01-01.09.47:941][ 42]MapCheck: 맵 체크 완료: 오류 0 회, 경고 0 회, 소요 시간 0.186ms.
[2023.11.01-01.09.47:941][ 42]LogFileHelpers: Loading map 'GameLevel' took 2.769
[2023.11.01-01.10.02:647][768]LogSlate: FSceneViewport::OnFocusLost() reason 0
[2023.11.01-01.10.05:572][112]LogUObjectHash: Compacting FUObjectHashTables data took   1.14ms
[2023.11.01-01.10.05:687][112]LogSavePackage: Moving 'D:/H_Hoon Source Tree/XR_ActionRPG/Step_1_ActionRPG/Saved/GameLevelDD3D1DC6490DA5E97223EF8CEECA5CAF.tmp' to 'D:/H_Hoon Source Tree/XR_ActionRPG/Step_1_ActionRPG/Content/0_UserGame/Maps/GameLevel.umap'
[2023.11.01-01.10.05:712][112]Cmd: OBJ SAVEPACKAGE PACKAGE="/Game/0_UserGame/Maps/GameLevel_BuiltData" FILE="D:/H_Hoon Source Tree/XR_ActionRPG/Step_1_ActionRPG/Content/0_UserGame/Maps/GameLevel_BuiltData.uasset" SILENT=true
[2023.11.01-01.10.05:725][112]LogSavePackage: Moving 'D:/H_Hoon Source Tree/XR_ActionRPG/Step_1_ActionRPG/Saved/GameLevel_BuiltDataE891B20546AC982F802CCAB4937A84E2.tmp' to 'D:/H_Hoon Source Tree/XR_ActionRPG/Step_1_ActionRPG/Content/0_UserGame/Maps/GameLevel_BuiltData.uasset'
[2023.11.01-01.10.27:398][694]LogSlate: Updating window title bar state: overlay mode, drag disabled, window buttons hidden, title bar hidden
[2023.11.01-01.10.27:407][694]LogSlate: Updating window title bar state: overlay mode, drag disabled, window buttons hidden, title bar hidden
[2023.11.01-01.10.27:588][694]LogSlate: Warning: Legacy localized fallback font '../../../Engine/Content/Slate/Fonts/../../Editor/Slate/Fonts/NanumGothic.ttf' was requested. Font: '/Engine/EngineFonts/Faces/RobotoRegular.RobotoRegular', Character: '리 (U+b9ac)'
Legacy localized fallback fonts were deprecated in 4.22 and will be removed in a future version!
Please update your composite fonts to use localized sub-font families: https://docs.unrealengine.com/en-US/Engine/UMG/UserGuide/Fonts/Overview
[2023.11.01-01.10.27:591][694]LogSlate: Took 0.002815 seconds to synchronously load lazily loaded font '../../../Engine/Content/Slate/Fonts/../../Editor/Slate/Fonts/NanumGothic.ttf' (4243K)
[2023.11.01-01.10.29:802][956]LogSlate: FSceneViewport::OnFocusLost() reason 2
[2023.11.01-01.10.30:188][  1]LogSlate: FSceneViewport::OnFocusLost() reason 2
[2023.11.01-01.10.31:174][119]LogSlate: FSceneViewport::OnFocusLost() reason 2
[2023.11.01-01.10.52:719][692]LogSlate: Updating window title bar state: overlay mode, drag disabled, window buttons hidden, title bar hidden
[2023.11.01-01.10.52:722][692]LogSlate: Updating window title bar state: overlay mode, drag disabled, window buttons hidden, title bar hidden
[2023.11.01-01.10.57:554][249]LogUObjectHash: Compacting FUObjectHashTables data took   1.71ms
[2023.11.01-01.11.05:465][197]LogSlate: FSceneViewport::OnFocusLost() reason 2
[2023.11.01-01.11.08:664][556]LogSlate: FSceneViewport::OnFocusLost() reason 2
[2023.11.01-01.11.17:104][545]LogSlate: FSceneViewport::OnFocusLost() reason 2
[2023.11.01-01.11.39:731][205]Cmd: OBJ SAVEPACKAGE PACKAGE="/Game/0_UserGame/Cinematics/Scene_1" FILE="D:/H_Hoon Source Tree/XR_ActionRPG/Step_1_ActionRPG/Content/0_UserGame/Cinematics/Scene_1.uasset" SILENT=true
[2023.11.01-01.11.39:733][205]LogSavePackage: Moving 'D:/H_Hoon Source Tree/XR_ActionRPG/Step_1_ActionRPG/Saved/Scene_1338B659D4F2902A8B545F09AF0CEA7BB.tmp' to 'D:/H_Hoon Source Tree/XR_ActionRPG/Step_1_ActionRPG/Content/0_UserGame/Cinematics/Scene_1.uasset'
[2023.11.01-01.11.52:407][723]LogAssetEditorManager: Opening Asset editor for LevelSequence /Game/0_UserGame/Cinematics/Scene_1.Scene_1
[2023.11.01-01.11.52:490][723]LogSlate: Took 0.012414 seconds to synchronously load lazily loaded font '../../../Engine/Content/Slate/Fonts/DroidSansMono.ttf' (77K)
[2023.11.01-01.12.00:398][323]LogSlate: Window '시퀀서' being destroyed
[2023.11.01-01.12.22:568][160]LogD3D11RHI: Timed out while waiting for GPU to catch up. (0.5 s)
[2023.11.01-01.12.37:377][163]LogD3D11RHI: Timed out while waiting for GPU to catch up. (0.5 s)
[2023.11.01-01.12.37:487][163]LogRHI: Error: SyncInterval 0
[2023.11.01-01.12.37:487][163]LogRHI: Error: SwapChainDesc.BufferDesc.Width 1718
[2023.11.01-01.12.37:487][163]LogRHI: Error: SwapChainDesc.BufferDesc.Height 1401
[2023.11.01-01.12.37:487][163]LogRHI: Error: SwapChainDesc.BufferDesc.RefreshRate.Numerator 0
[2023.11.01-01.12.37:487][163]LogRHI: Error: SwapChainDesc.BufferDesc.RefreshRate.Denominator 0
[2023.11.01-01.12.37:487][163]LogRHI: Error: SwapChainDesc.BufferDesc.Format 24
[2023.11.01-01.12.37:487][163]LogRHI: Error: SwapChainDesc.BufferDesc.ScanlineOrdering 0
[2023.11.01-01.12.37:487][163]LogRHI: Error: SwapChainDesc.BufferDesc.Scaling 0
[2023.11.01-01.12.37:487][163]LogRHI: Error: SwapChainDesc.SampleDesc.Count 1
[2023.11.01-01.12.37:487][163]LogRHI: Error: SwapChainDesc.SampleDesc.Quality 0
[2023.11.01-01.12.37:487][163]LogRHI: Error: SwapChainDesc.BufferUsage 48
[2023.11.01-01.12.37:487][163]LogRHI: Error: SwapChainDesc.BufferCount 1
[2023.11.01-01.12.37:487][163]LogRHI: Error: SwapChainDesc.OutputWindow 000000000009078E
[2023.11.01-01.12.37:487][163]LogRHI: Error: SwapChainDesc.Windowed true
[2023.11.01-01.12.37:487][163]LogRHI: Error: SwapChainDesc.SwapEffect 0
[2023.11.01-01.12.37:487][163]LogRHI: Error: SwapChainDesc.Flags 2
[2023.11.01-01.12.37:487][163]LogD3D11RHI: Error: Result failed 
 at D:\Build\++UE4\Sync\Engine\Source\Runtime\Windows\D3D11RHI\Private\D3D11Viewport.cpp:361 
 with error DXGI_ERROR_DEVICE_REMOVED DXGI_ERROR_DEVICE_RESET
[2023.11.01-01.12.37:487][163]LogD3D11RHI: [Aftermath] GDynamicRHI=000001BC190E60C0, GDX11NVAfterMathEnabled=0, Result=0xFFFFFFFF, bDeviceActive=0
[2023.11.01-01.12.37:487][163]LogWindows: Windows GetLastError: 작업을 완료했습니다. (0)
[2023.11.01-01.12.39:729][163]LogThreadingWindows: Error: Runnable thread RenderThread 14 crashed.
[2023.11.01-01.12.39:729][163]LogWindows: Error: === Critical error: ===
[2023.11.01-01.12.39:729][163]LogWindows: Error: 
[2023.11.01-01.12.39:729][163]LogWindows: Error: Fatal error: [File:D:\Build\++UE4\Sync\Engine\Source\Runtime\Windows\D3D11RHI\Private\D3D11Util.cpp] [Line: 198] 
[2023.11.01-01.12.39:729][163]LogWindows: Error: Unreal Engine is exiting due to D3D device being lost. (Error: 0x887A0007 - 'RESET')
[2023.11.01-01.12.39:729][163]LogWindows: Error: 
[2023.11.01-01.12.39:729][163]LogWindows: Error: 
[2023.11.01-01.12.39:729][163]LogWindows: Error: Unhandled Exception: 0x00008000
[2023.11.01-01.12.39:729][163]LogWindows: Error: 
[2023.11.01-01.12.39:729][163]LogWindows: Error: [Callstack] 0x00007ffa8500cf19 KERNELBASE.dll!UnknownFunction []
[2023.11.01-01.12.39:729][163]LogWindows: Error: [Callstack] 0x00007ffa5bdc3667 UE4Editor-Core.dll!UnknownFunction []
[2023.11.01-01.12.39:729][163]LogWindows: Error: [Callstack] 0x00007ffa5bdc46e0 UE4Editor-Core.dll!UnknownFunction []
[2023.11.01-01.12.39:729][163]LogWindows: Error: [Callstack] 0x00007ffa5bbd7d1a UE4Editor-Core.dll!UnknownFunction []
[2023.11.01-01.12.39:729][163]LogWindows: Error: [Callstack] 0x00007ffa5bb5fe33 UE4Editor-Core.dll!UnknownFunction []
[2023.11.01-01.12.39:729][163]LogWindows: Error: [Callstack] 0x00007ffa5bb5fd18 UE4Editor-Core.dll!UnknownFunction []
[2023.11.01-01.12.39:729][163]LogWindows: Error: [Callstack] 0x00007ff9c6c22a23 UE4Editor-D3D11RHI.dll!UnknownFunction []
[2023.11.01-01.12.39:730][163]LogWindows: Error: [Callstack] 0x00007ff9c6c2629e UE4Editor-D3D11RHI.dll!UnknownFunction []
[2023.11.01-01.12.39:730][163]LogWindows: Error: [Callstack] 0x00007ff9c6c0875e UE4Editor-D3D11RHI.dll!UnknownFunction []
[2023.11.01-01.12.39:730][163]LogWindows: Error: [Callstack] 0x00007ff9c6c1480b UE4Editor-D3D11RHI.dll!UnknownFunction []
[2023.11.01-01.12.39:730][163]LogWindows: Error: [Callstack] 0x00007ff9f455e8e0 UE4Editor-RHI.dll!UnknownFunction []
[2023.11.01-01.12.39:730][163]LogWindows: Error: [Callstack] 0x00007ff9f455e4c4 UE4Editor-RHI.dll!UnknownFunction []
[2023.11.01-01.12.39:730][163]LogWindows: Error: [Callstack] 0x00007ff9f455f444 UE4Editor-RHI.dll!UnknownFunction []
[2023.11.01-01.12.39:730][163]LogWindows: Error: [Callstack] 0x00007ff9f4556bb4 UE4Editor-RHI.dll!UnknownFunction []
[2023.11.01-01.12.39:730][163]LogWindows: Error: [Callstack] 0x00007ff9c69a769b UE4Editor-SlateRHIRenderer.dll!UnknownFunction []
[2023.11.01-01.12.39:730][163]LogWindows: Error: [Callstack] 0x00007ff9c69ae220 UE4Editor-SlateRHIRenderer.dll!UnknownFunction []
[2023.11.01-01.12.39:730][163]LogWindows: Error: [Callstack] 0x00007ffa5b9e22d8 UE4Editor-Core.dll!UnknownFunction []
[2023.11.01-01.12.39:730][163]LogWindows: Error: [Callstack] 0x00007ffa5b9e2563 UE4Editor-Core.dll!UnknownFunction []
[2023.11.01-01.12.39:730][163]LogWindows: Error: [Callstack] 0x00007ff9f44559f1 UE4Editor-RenderCore.dll!UnknownFunction []
[2023.11.01-01.12.39:730][163]LogWindows: Error: [Callstack] 0x00007ff9f445c184 UE4Editor-RenderCore.dll!UnknownFunction []
[2023.11.01-01.12.39:730][163]LogWindows: Error: [Callstack] 0x00007ffa5bdd4b3f UE4Editor-Core.dll!UnknownFunction []
[2023.11.01-01.12.39:730][163]LogWindows: Error: [Callstack] 0x00007ffa5bdd08a7 UE4Editor-Core.dll!UnknownFunction []
[2023.11.01-01.12.39:730][163]LogWindows: Error: [Callstack] 0x00007ffa85987344 KERNEL32.DLL!UnknownFunction []
[2023.11.01-01.12.39:730][163]LogWindows: Error: [Callstack] 0x00007ffa873026b1 ntdll.dll!UnknownFunction []
[2023.11.01-01.12.39:730][163]LogWindows: Error: 
[2023.11.01-01.12.39:730][163]LogWindows: Error: Crash in runnable thread RenderThread 14
[2023.11.01-01.12.39:751][163]LogOutputDevice: Warning: 

Script Stack (0 frames):

[2023.11.01-01.12.39:751][163]LogWindows: Windows GetLastError: 작업을 완료했습니다. (0)
[2023.11.01-01.12.39:751][163]LogWindows: Error: HandleError re-entered.
[2023.11.01-01.12.39:751][163]LogWindows: FPlatformMisc::RequestExit(1)
[2023.11.01-01.12.39:773][163]Log file closed, 11/01/23 10:12:39
